This is pdfTeX, Version 3.1415926-2.5-1.40.14 (TeX Live 2013/Debian) (format=pdflatex 2015.3.31)  6 SEP 2015 17:12
entering extended mode
 restricted \write18 enabled.
 %&-line parsing enabled.
**tp1.tex
(./tp1.tex
LaTeX2e <2011/06/27>
Babel <3.9h> and hyphenation patterns for 78 languages loaded.
(/usr/share/texlive/texmf-dist/tex/latex/base/article.cls
Document Class: article 2007/10/19 v1.4h Standard LaTeX document class
(/usr/share/texlive/texmf-dist/tex/latex/base/size10.clo
File: size10.clo 2007/10/19 v1.4h Standard LaTeX file (size option)
)
\c@part=\count79
\c@section=\count80
\c@subsection=\count81
\c@subsubsection=\count82
\c@paragraph=\count83
\c@subparagraph=\count84
\c@figure=\count85
\c@table=\count86
\abovecaptionskip=\skip41
\belowcaptionskip=\skip42
\bibindent=\dimen102
)
(/usr/share/texlive/texmf-dist/tex/latex/geometry/geometry.sty
Package: geometry 2010/09/12 v5.6 Page Geometry

(/usr/share/texlive/texmf-dist/tex/latex/graphics/keyval.sty
Package: keyval 1999/03/16 v1.13 key=value parser (DPC)
\KV@toks@=\toks14
)
(/usr/share/texlive/texmf-dist/tex/generic/oberdiek/ifpdf.sty
Package: ifpdf 2011/01/30 v2.3 Provides the ifpdf switch (HO)
Package ifpdf Info: pdfTeX in PDF mode is detected.
)
(/usr/share/texlive/texmf-dist/tex/generic/oberdiek/ifvtex.sty
Package: ifvtex 2010/03/01 v1.5 Detect VTeX and its facilities (HO)
Package ifvtex Info: VTeX not detected.
)
(/usr/share/texlive/texmf-dist/tex/generic/ifxetex/ifxetex.sty
Package: ifxetex 2010/09/12 v0.6 Provides ifxetex conditional
)
\Gm@cnth=\count87
\Gm@cntv=\count88
\c@Gm@tempcnt=\count89
\Gm@bindingoffset=\dimen103
\Gm@wd@mp=\dimen104
\Gm@odd@mp=\dimen105
\Gm@even@mp=\dimen106
\Gm@layoutwidth=\dimen107
\Gm@layoutheight=\dimen108
\Gm@layouthoffset=\dimen109
\Gm@layoutvoffset=\dimen110
\Gm@dimlist=\toks15
)
(/usr/share/texlive/texmf-dist/tex/latex/base/inputenc.sty
Package: inputenc 2008/03/30 v1.1d Input encoding file
\inpenc@prehook=\toks16
\inpenc@posthook=\toks17

(/usr/share/texlive/texmf-dist/tex/latex/base/latin1.def
File: latin1.def 2008/03/30 v1.1d Input encoding file
))
(/usr/share/texlive/texmf-dist/tex/latex/base/fontenc.sty
Package: fontenc 2005/09/27 v1.99g Standard LaTeX package

(/usr/share/texlive/texmf-dist/tex/latex/base/t1enc.def
File: t1enc.def 2005/09/27 v1.99g Standard LaTeX file
LaTeX Font Info:    Redeclaring font encoding T1 on input line 43.
))
(/usr/share/texlive/texmf-dist/tex/generic/babel/babel.sty
Package: babel 2013/12/03 3.9h The Babel package

(/usr/share/texlive/texmf-dist/tex/generic/babel-spanish/spanish.ldf
Language: spanish.ldf 2014/01/29 v5.0m Spanish support from the babel system

(/usr/share/texlive/texmf-dist/tex/generic/babel/babel.def
File: babel.def 2013/12/03 3.9h Babel common definitions
\babel@savecnt=\count90
\U@D=\dimen111
)
\es@datefmt=\count91
\es@quottoks=\toks18
\es@quotdepth=\count92
Package babel Info: Making " an active character on input line 496.
Package babel Info: Making . an active character on input line 599.
Package babel Info: Making < an active character on input line 644.
Package babel Info: Making > an active character on input line 644.
))
(/usr/share/texlive/texmf-dist/tex/latex/tools/indentfirst.sty
Package: indentfirst 1995/11/23 v1.03 Indent first paragraph (DPC)
)
(/usr/share/texlive/texmf-dist/tex/latex/fancyhdr/fancyhdr.sty
\fancy@headwidth=\skip43
\f@ncyO@elh=\skip44
\f@ncyO@erh=\skip45
\f@ncyO@olh=\skip46
\f@ncyO@orh=\skip47
\f@ncyO@elf=\skip48
\f@ncyO@erf=\skip49
\f@ncyO@olf=\skip50
\f@ncyO@orf=\skip51
)
(/usr/share/texlive/texmf-dist/tex/latex/base/latexsym.sty
Package: latexsym 1998/08/17 v2.2e Standard LaTeX package (lasy symbols)
\symlasy=\mathgroup4
LaTeX Font Info:    Overwriting symbol font `lasy' in version `bold'
(Font)                  U/lasy/m/n --> U/lasy/b/n on input line 47.
)
(/usr/share/texlive/texmf-dist/tex/latex/lastpage/lastpage.sty
Package: lastpage 2013/01/28 v1.2l Refers to last page's name (HMM; JPG)
)
(./aed2-symb.sty
Package: aed2-symb 2004/04/17 - Para componer simbolitos frecuentemente usados 
en AED2

Cargando package 'aed2-symb'
(/usr/share/texlive/texmf-dist/tex/latex/amsmath/amsmath.sty
Package: amsmath 2013/01/14 v2.14 AMS math features
\@mathmargin=\skip52

For additional information on amsmath, use the `?' option.
(/usr/share/texlive/texmf-dist/tex/latex/amsmath/amstext.sty
Package: amstext 2000/06/29 v2.01

(/usr/share/texlive/texmf-dist/tex/latex/amsmath/amsgen.sty
File: amsgen.sty 1999/11/30 v2.0
\@emptytoks=\toks19
\ex@=\dimen112
))
(/usr/share/texlive/texmf-dist/tex/latex/amsmath/amsbsy.sty
Package: amsbsy 1999/11/29 v1.2d
\pmbraise@=\dimen113
)
(/usr/share/texlive/texmf-dist/tex/latex/amsmath/amsopn.sty
Package: amsopn 1999/12/14 v2.01 operator names
)
\inf@bad=\count93
LaTeX Info: Redefining \frac on input line 210.
\uproot@=\count94
\leftroot@=\count95
LaTeX Info: Redefining \overline on input line 306.
\classnum@=\count96
\DOTSCASE@=\count97
LaTeX Info: Redefining \ldots on input line 378.
LaTeX Info: Redefining \dots on input line 381.
LaTeX Info: Redefining \cdots on input line 466.
\Mathstrutbox@=\box26
\strutbox@=\box27
\big@size=\dimen114
LaTeX Font Info:    Redeclaring font encoding OML on input line 566.
LaTeX Font Info:    Redeclaring font encoding OMS on input line 567.
\macc@depth=\count98
\c@MaxMatrixCols=\count99
\dotsspace@=\muskip10
\c@parentequation=\count100
\dspbrk@lvl=\count101
\tag@help=\toks20
\row@=\count102
\column@=\count103
\maxfields@=\count104
\andhelp@=\toks21
\eqnshift@=\dimen115
\alignsep@=\dimen116
\tagshift@=\dimen117
\tagwidth@=\dimen118
\totwidth@=\dimen119
\lineht@=\dimen120
\@envbody=\toks22
\multlinegap=\skip53
\multlinetaggap=\skip54
\mathdisplay@stack=\toks23
LaTeX Info: Redefining \[ on input line 2665.
LaTeX Info: Redefining \] on input line 2666.
)
(/usr/share/texlive/texmf-dist/tex/latex/amsfonts/amssymb.sty
Package: amssymb 2013/01/14 v3.01 AMS font symbols

(/usr/share/texlive/texmf-dist/tex/latex/amsfonts/amsfonts.sty
Package: amsfonts 2013/01/14 v3.01 Basic AMSFonts support
\symAMSa=\mathgroup5
\symAMSb=\mathgroup6
LaTeX Font Info:    Overwriting math alphabet `\mathfrak' in version `bold'
(Font)                  U/euf/m/n --> U/euf/b/n on input line 106.
))
(/usr/share/texlive/texmf-dist/tex/latex/tools/xspace.sty
Package: xspace 2009/10/20 v1.13 Space after command names (DPC,MH)
)
(/usr/share/texlive/texmf-dist/tex/latex/xargs/xargs.sty
Package: xargs 2008/03/22 v1.1  extended macro definitions  (mpg)

(/usr/share/texlive/texmf-dist/tex/latex/xkeyval/xkeyval.sty
Package: xkeyval 2012/10/14 v2.6b package option processing (HA)

(/usr/share/texlive/texmf-dist/tex/generic/xkeyval/xkeyval.tex
\XKV@toks=\toks24
\XKV@tempa@toks=\toks25
\XKV@depth=\count105
File: xkeyval.tex 2012/10/14 v2.6b key=value parser (HA)
))
\xargs@max=\count106
\xargs@toksa=\toks26
\xargs@toksb=\toks27
))
(./aed2-itef.sty
Package: aed2-itef 2010/03/16 - if-then-else-fi en lenguaje de TADs.
 (/usr/share/texlive/texmf-dist/tex/latex/base/ifthen.sty
Package: ifthen 2001/05/26 v1.1c Standard LaTeX ifthen package (DPC)
)
Cargando package 'itef' (2010/03/16)
\itefIndentacion=\skip55
\itef@widthUnaLinea=\skip56
\itef@linewidth=\skip57
) (./aed2-tad.sty
Package: aed2-tad 2011/04/04 - Para especificar TADs en formato AED2
 (/usr/share/texlive/texmf-dist/tex/latex/tools/calc.sty
Package: calc 2007/08/22 v4.3 Infix arithmetic (KKT,FJ)
\calc@Acount=\count107
\calc@Bcount=\count108
\calc@Adimen=\dimen121
\calc@Bdimen=\dimen122
\calc@Askip=\skip58
\calc@Bskip=\skip59
LaTeX Info: Redefining \setlength on input line 76.
LaTeX Info: Redefining \addtolength on input line 77.
\calc@Ccount=\count109
\calc@Cskip=\skip60
)
(./aed2-tokenizer.sty
Package: aed2-tokenizer 2010/03/12
)
Package aed2-tad Info: Cargando package 'tad' (04/04/2011) on input line 26.
\tadMargen=\skip61
\tadSubMargen=\skip62
\tadAnchoEncabezados=\skip63
\tadSeparacionTitulos=\skip64
\tadSeparacionFunciones=\skip65
\tadAnchoNombreFunciones=\skip66
\tadAnchoTipoFunciones=\skip67
\tadSeparacionAxiomas=\skip68
\tadAnchoIzquierdaAxioma=\skip69
\tad@oldparindent=\skip70
\pbox@len=\skip71
\tad@ifFitsElse@largo=\skip72
\igualobs@pre=\skip73
\igualobs@max=\skip74
\igualobssimple@max=\skip75
\@Signatura=\box28
\tadOperacion@textwidth=\skip76
\tadAxioma@lenEquiv=\skip77
\tadAxioma@lenDerecha=\skip78
) (./caratula.sty
Package: caratula 2003/4/13 v0.1 Para componer caratulas de TPs del DC

Cargando package 'caratula' v0.2 (21/4/2003)
\intlist=\toks28
) (/usr/share/texlive/texmf-dist/tex/latex/hyperref/hyperref.sty
Package: hyperref 2012/11/06 v6.83m Hypertext links for LaTeX

(/usr/share/texlive/texmf-dist/tex/generic/oberdiek/hobsub-hyperref.sty
Package: hobsub-hyperref 2012/05/28 v1.13 Bundle oberdiek, subset hyperref (HO)


(/usr/share/texlive/texmf-dist/tex/generic/oberdiek/hobsub-generic.sty
Package: hobsub-generic 2012/05/28 v1.13 Bundle oberdiek, subset generic (HO)
Package: hobsub 2012/05/28 v1.13 Construct package bundles (HO)
Package: infwarerr 2010/04/08 v1.3 Providing info/warning/error messages (HO)
Package: ltxcmds 2011/11/09 v1.22 LaTeX kernel commands for general use (HO)
Package: ifluatex 2010/03/01 v1.3 Provides the ifluatex switch (HO)
Package ifluatex Info: LuaTeX not detected.
Package hobsub Info: Skipping package `ifvtex' (already loaded).
Package: intcalc 2007/09/27 v1.1 Expandable calculations with integers (HO)
Package hobsub Info: Skipping package `ifpdf' (already loaded).
Package: etexcmds 2011/02/16 v1.5 Avoid name clashes with e-TeX commands (HO)
Package etexcmds Info: Could not find \expanded.
(etexcmds)             That can mean that you are not using pdfTeX 1.50 or
(etexcmds)             that some package has redefined \expanded.
(etexcmds)             In the latter case, load this package earlier.
Package: kvsetkeys 2012/04/25 v1.16 Key value parser (HO)
Package: kvdefinekeys 2011/04/07 v1.3 Define keys (HO)
Package: pdftexcmds 2011/11/29 v0.20 Utility functions of pdfTeX for LuaTeX (HO
)
Package pdftexcmds Info: LuaTeX not detected.
Package pdftexcmds Info: \pdf@primitive is available.
Package pdftexcmds Info: \pdf@ifprimitive is available.
Package pdftexcmds Info: \pdfdraftmode found.
Package: pdfescape 2011/11/25 v1.13 Implements pdfTeX's escape features (HO)
Package: bigintcalc 2012/04/08 v1.3 Expandable calculations on big integers (HO
)
Package: bitset 2011/01/30 v1.1 Handle bit-vector datatype (HO)
Package: uniquecounter 2011/01/30 v1.2 Provide unlimited unique counter (HO)
)
Package hobsub Info: Skipping package `hobsub' (already loaded).
Package: letltxmacro 2010/09/02 v1.4 Let assignment for LaTeX macros (HO)
Package: hopatch 2012/05/28 v1.2 Wrapper for package hooks (HO)
Package: xcolor-patch 2011/01/30 xcolor patch
Package: atveryend 2011/06/30 v1.8 Hooks at the very end of document (HO)
Package atveryend Info: \enddocument detected (standard20110627).
Package: atbegshi 2011/10/05 v1.16 At begin shipout hook (HO)
Package: refcount 2011/10/16 v3.4 Data extraction from label references (HO)
Package: hycolor 2011/01/30 v1.7 Color options for hyperref/bookmark (HO)
)
(/usr/share/texlive/texmf-dist/tex/latex/oberdiek/auxhook.sty
Package: auxhook 2011/03/04 v1.3 Hooks for auxiliary files (HO)
)
(/usr/share/texlive/texmf-dist/tex/latex/oberdiek/kvoptions.sty
Package: kvoptions 2011/06/30 v3.11 Key value format for package options (HO)
)
\@linkdim=\dimen123
\Hy@linkcounter=\count110
\Hy@pagecounter=\count111

(/usr/share/texlive/texmf-dist/tex/latex/hyperref/pd1enc.def
File: pd1enc.def 2012/11/06 v6.83m Hyperref: PDFDocEncoding definition (HO)
)
\Hy@SavedSpaceFactor=\count112

(/usr/share/texlive/texmf-dist/tex/latex/latexconfig/hyperref.cfg
File: hyperref.cfg 2002/06/06 v1.2 hyperref configuration of TeXLive
)
Package hyperref Info: Option `colorlinks' set `true' on input line 4319.
Package hyperref Info: Hyper figures OFF on input line 4443.
Package hyperref Info: Link nesting OFF on input line 4448.
Package hyperref Info: Hyper index ON on input line 4451.
Package hyperref Info: Plain pages OFF on input line 4458.
Package hyperref Info: Backreferencing OFF on input line 4463.
Package hyperref Info: Implicit mode ON; LaTeX internals redefined.
Package hyperref Info: Bookmarks ON on input line 4688.
\c@Hy@tempcnt=\count113

(/usr/share/texlive/texmf-dist/tex/latex/url/url.sty
\Urlmuskip=\muskip11
Package: url 2013/09/16  ver 3.4  Verb mode for urls, etc.
)
LaTeX Info: Redefining \url on input line 5041.
\XeTeXLinkMargin=\dimen124
\Fld@menulength=\count114
\Field@Width=\dimen125
\Fld@charsize=\dimen126
Package hyperref Info: Hyper figures OFF on input line 6295.
Package hyperref Info: Link nesting OFF on input line 6300.
Package hyperref Info: Hyper index ON on input line 6303.
Package hyperref Info: backreferencing OFF on input line 6310.
Package hyperref Info: Link coloring ON on input line 6313.
Package hyperref Info: Link coloring with OCG OFF on input line 6320.
Package hyperref Info: PDF/A mode OFF on input line 6325.
LaTeX Info: Redefining \ref on input line 6365.
LaTeX Info: Redefining \pageref on input line 6369.
\Hy@abspage=\count115
\c@Item=\count116
\c@Hfootnote=\count117
)

Package hyperref Message: Driver (autodetected): hpdftex.

(/usr/share/texlive/texmf-dist/tex/latex/hyperref/hpdftex.def
File: hpdftex.def 2012/11/06 v6.83m Hyperref driver for pdfTeX
\Fld@listcount=\count118
\c@bookmark@seq@number=\count119

(/usr/share/texlive/texmf-dist/tex/latex/oberdiek/rerunfilecheck.sty
Package: rerunfilecheck 2011/04/15 v1.7 Rerun checks for auxiliary files (HO)
Package uniquecounter Info: New unique counter `rerunfilecheck' on input line 2
82.
)
\Hy@SectionHShift=\skip79
)
(./tp1.aux
LaTeX Info: Redefining \. on input line 23.
LaTeX Info: Redefining \% on input line 23.
)
\openout1 = `tp1.aux'.

LaTeX Font Info:    Checking defaults for OML/cmm/m/it on input line 46.
LaTeX Font Info:    ... okay on input line 46.
LaTeX Font Info:    Checking defaults for T1/cmr/m/n on input line 46.
LaTeX Font Info:    ... okay on input line 46.
LaTeX Font Info:    Checking defaults for OT1/cmr/m/n on input line 46.
LaTeX Font Info:    ... okay on input line 46.
LaTeX Font Info:    Checking defaults for OMS/cmsy/m/n on input line 46.
LaTeX Font Info:    ... okay on input line 46.
LaTeX Font Info:    Checking defaults for OMX/cmex/m/n on input line 46.
LaTeX Font Info:    ... okay on input line 46.
LaTeX Font Info:    Checking defaults for U/cmr/m/n on input line 46.
LaTeX Font Info:    ... okay on input line 46.
LaTeX Font Info:    Checking defaults for PD1/pdf/m/n on input line 46.
LaTeX Font Info:    ... okay on input line 46.

*geometry* driver: auto-detecting
*geometry* detected driver: pdftex
*geometry* verbose mode - [ preamble ] result:
* driver: pdftex
* paper: a4paper
* layout: <same size as paper>
* layoutoffset:(h,v)=(0.0pt,0.0pt)
* modes: 
* h-part:(L,W,R)=(42.67912pt, 512.14963pt, 42.67912pt)
* v-part:(T,H,B)=(99.58464pt, 702.78308pt, 42.67912pt)
* \paperwidth=597.50787pt
* \paperheight=845.04684pt
* \textwidth=512.14963pt
* \textheight=702.78308pt
* \oddsidemargin=-29.59087pt
* \evensidemargin=-29.59087pt
* \topmargin=-9.68535pt
* \headheight=13.0pt
* \headsep=25.0pt
* \topskip=10.0pt
* \footskip=30.0pt
* \marginparwidth=57.0pt
* \marginparsep=11.0pt
* \columnsep=10.0pt
* \skip\footins=9.0pt plus 4.0pt minus 2.0pt
* \hoffset=0.0pt
* \voffset=0.0pt
* \mag=1000
* \@twocolumnfalse
* \@twosidefalse
* \@mparswitchfalse
* \@reversemarginfalse
* (1in=72.27pt=25.4mm, 1cm=28.453pt)

LaTeX Info: Redefining \. on input line 46.
LaTeX Info: Redefining \% on input line 46.
Package lastpage Info: Please have a look at the pageslts package at
(lastpage)             http://www.ctan.org/tex-archive/ 
(lastpage)             macros/latex/contrib/pageslts/ 
(lastpage)             or
(lastpage)             http://www.ctan.org/tex-archive/ 
(lastpage)             install/macros/latex/contrib/pageslts.tds.zip
(lastpage)             ! on input line 46.
\AtBeginShipoutBox=\box29
(/usr/share/texlive/texmf-dist/tex/latex/graphics/color.sty
Package: color 2005/11/14 v1.0j Standard LaTeX Color (DPC)

(/usr/share/texlive/texmf-dist/tex/latex/latexconfig/color.cfg
File: color.cfg 2007/01/18 v1.5 color configuration of teTeX/TeXLive
)
Package color Info: Driver file: pdftex.def on input line 130.

(/usr/share/texlive/texmf-dist/tex/latex/pdftex-def/pdftex.def
File: pdftex.def 2011/05/27 v0.06d Graphics/color for pdfTeX
\Gread@gobject=\count120

(/usr/share/texlive/texmf-dist/tex/context/base/supp-pdf.mkii
[Loading MPS to PDF converter (version 2006.09.02).]
\scratchcounter=\count121
\scratchdimen=\dimen127
\scratchbox=\box30
\nofMPsegments=\count122
\nofMParguments=\count123
\everyMPshowfont=\toks29
\MPscratchCnt=\count124
\MPscratchDim=\dimen128
\MPnumerator=\count125
\makeMPintoPDFobject=\count126
\everyMPtoPDFconversion=\toks30
)))
Package hyperref Info: Link coloring ON on input line 46.
 (/usr/share/texlive/texmf-dist/tex/latex/hyperref/nameref.sty
Package: nameref 2012/10/27 v2.43 Cross-referencing by name of section

(/usr/share/texlive/texmf-dist/tex/generic/oberdiek/gettitlestring.sty
Package: gettitlestring 2010/12/03 v1.4 Cleanup title references (HO)
)
\c@section@level=\count127
)
LaTeX Info: Redefining \ref on input line 46.
LaTeX Info: Redefining \pageref on input line 46.
LaTeX Info: Redefining \nameref on input line 46.

(./tp1.out) (./tp1.out)
\@outlinefile=\write3
\openout3 = `tp1.out'.

LaTeX Font Info:    Try loading font information for U+lasy on input line 64.
 (/usr/share/texlive/texmf-dist/tex/latex/base/ulasy.fd
File: ulasy.fd 1998/08/17 v2.2e LaTeX symbol font definitions
)
LaTeX Font Info:    Try loading font information for U+msa on input line 64.
(/usr/share/texlive/texmf-dist/tex/latex/amsfonts/umsa.fd
File: umsa.fd 2013/01/14 v3.01 AMS symbols A
)
LaTeX Font Info:    Try loading font information for U+msb on input line 64.

(/usr/share/texlive/texmf-dist/tex/latex/amsfonts/umsb.fd
File: umsb.fd 2013/01/14 v3.01 AMS symbols B
)
LaTeX Font Info:    Try loading font information for T1+cmtt on input line 64.

(/usr/share/texlive/texmf-dist/tex/latex/base/t1cmtt.fd
File: t1cmtt.fd 1999/05/25 v2.5h Standard LaTeX font definitions
)
Package babel Info: Redefining spanish shorthand <<
(babel)             in language  on input line 64.
Package babel Info: Redefining spanish shorthand >>
(babel)             in language  on input line 64.
Package babel Info: Redefining spanish shorthand "=
(babel)             in language  on input line 64.
Package babel Info: Redefining spanish shorthand "~
(babel)             in language  on input line 64.
Package babel Info: Redefining spanish shorthand "!
(babel)             in language  on input line 64.
Package babel Info: Redefining spanish shorthand "?
(babel)             in language  on input line 64.
Package babel Info: Redefining spanish shorthand <<
(babel)             in language  on input line 64.
Package babel Info: Redefining spanish shorthand >>
(babel)             in language  on input line 64.
Package babel Info: Redefining spanish shorthand "=
(babel)             in language  on input line 64.
Package babel Info: Redefining spanish shorthand "~
(babel)             in language  on input line 64.
Package babel Info: Redefining spanish shorthand "!
(babel)             in language  on input line 64.
Package babel Info: Redefining spanish shorthand "?
(babel)             in language  on input line 64.
 [1

{/var/lib/texmf/fonts/map/pdftex/updmap/pdftex.map}] (./tp1.toc
LaTeX Info: Redefining \. on input line 1.
LaTeX Info: Redefining \% on input line 1.
)
\tf@toc=\write4
\openout4 = `tp1.toc'.

Package babel Info: Redefining spanish shorthand <<
(babel)             in language  on input line 66.
Package babel Info: Redefining spanish shorthand >>
(babel)             in language  on input line 66.
Package babel Info: Redefining spanish shorthand "=
(babel)             in language  on input line 66.
Package babel Info: Redefining spanish shorthand "~
(babel)             in language  on input line 66.
Package babel Info: Redefining spanish shorthand "!
(babel)             in language  on input line 66.
Package babel Info: Redefining spanish shorthand "?
(babel)             in language  on input line 66.
Package babel Info: Redefining spanish shorthand <<
(babel)             in language  on input line 66.
Package babel Info: Redefining spanish shorthand >>
(babel)             in language  on input line 66.
Package babel Info: Redefining spanish shorthand "=
(babel)             in language  on input line 66.
Package babel Info: Redefining spanish shorthand "~
(babel)             in language  on input line 66.
Package babel Info: Redefining spanish shorthand "!
(babel)             in language  on input line 66.
Package babel Info: Redefining spanish shorthand "?
(babel)             in language  on input line 66.
 [2]
Package babel Info: Redefining spanish shorthand <<
(babel)             in language  on input line 69.
Package babel Info: Redefining spanish shorthand >>
(babel)             in language  on input line 69.
Package babel Info: Redefining spanish shorthand "=
(babel)             in language  on input line 69.
Package babel Info: Redefining spanish shorthand "~
(babel)             in language  on input line 69.
Package babel Info: Redefining spanish shorthand "!
(babel)             in language  on input line 69.
Package babel Info: Redefining spanish shorthand "?
(babel)             in language  on input line 69.

Underfull \hbox (badness 10000) in paragraph at lines 73--73
\OMS/cmsy/m/n/10 ^$ \T1/cmr/m/n/10 ($\OMS/cmsy/m/n/10 8 []\OML/cmm/m/it/10 pos$
\T1/cmr/m/n/10 :p)(posValida(campus(facu),p))
 []


Underfull \hbox (badness 10000) in paragraph at lines 73--73
\T1/cmr/m/n/10 hayEst?(facu,p)$ \OMS/cmsy/m/n/10 ([]) $\T1/cmr/m/n/10 hayEst?(f
acu',p)
 []


Underfull \hbox (badness 10000) in paragraph at lines 73--73
\OMS/cmsy/m/n/10 ^$ \T1/cmr/m/n/10 ($\OMS/cmsy/m/n/10 8 []\OML/cmm/m/it/10 pos$
\T1/cmr/m/n/10 :p)(posValida(campus(facu),p))
 []


Underfull \hbox (badness 4913) in paragraph at lines 73--73
\T1/cmr/m/n/10 hayHippie?(facu,p)$ \OMS/cmsy/m/n/10 ([]) $\T1/cmr/m/n/10 hayHip
pie?(facu',p)
 []


Underfull \hbox (badness 10000) in paragraph at lines 73--73
\OMS/cmsy/m/n/10 ^$ \T1/cmr/m/n/10 ($\OMS/cmsy/m/n/10 8 []\OML/cmm/m/it/10 pos$
\T1/cmr/m/n/10 :p)(posValida(campus(facu),p))
 []


Underfull \hbox (badness 10000) in paragraph at lines 73--73
\T1/cmr/m/n/10 hayEst?(facu,p)$ \OMS/cmsy/m/n/10 ([]) $\T1/cmr/m/n/10 hayEst?(f
acu',p)
 []


Underfull \hbox (badness 10000) in paragraph at lines 73--73
\OMS/cmsy/m/n/10 ^$ \T1/cmr/m/n/10 ($\OMS/cmsy/m/n/10 8 []\OML/cmm/m/it/10 pos$
\T1/cmr/m/n/10 :p)(posValida(campus(facu),p))
 []


Underfull \hbox (badness 4913) in paragraph at lines 73--73
\T1/cmr/m/n/10 hayHippie?(facu,p)$ \OMS/cmsy/m/n/10 ([]) $\T1/cmr/m/n/10 hayHip
pie?(facu',p)
 []


Underfull \hbox (badness 3735) in paragraph at lines 73--73
\T1/cmr/m/n/7 hayEst?(facu',p) $\OMS/cmsy/m/n/7 ^$ \T1/cmr/m/n/7 ($\OMS/cmsy/m/
n/7 8 []\OML/cmm/m/it/7 pos$\T1/cmr/m/n/7 :p)(posValida(campus(facu),p))
 []


Underfull \hbox (badness 10000) in paragraph at lines 73--73
\T1/cmr/m/n/7 hayHippie?(facu,p)$ \OMS/cmsy/m/n/7 ([]) $\T1/cmr/m/n/7 hayHippie
?(facu',p) $\OMS/cmsy/m/n/7 ^$
 []


Underfull \hbox (badness 10000) in paragraph at lines 73--73
\OMS/cmsy/m/n/5 ^$ \T1/cmr/m/n/5 ($\OMS/cmsy/m/n/5 8 []\OML/cmm/m/it/5 pos$\T1/
cmr/m/n/5 :p)(posValida(campus(facu),p)) hayEst?(facu,p)$ \OMS/cmsy/m/n/5 ([])
 []


Underfull \hbox (badness 10000) in paragraph at lines 73--73
\T1/cmr/m/n/5 hayEst?(facu',p) $\OMS/cmsy/m/n/5 ^$ \T1/cmr/m/n/5 ($\OMS/cmsy/m/
n/5 8 []\OML/cmm/m/it/5 pos$\T1/cmr/m/n/5 :p)(posValida(campus(facu),p))
 []


Underfull \hbox (badness 10000) in paragraph at lines 73--73
\T1/cmr/m/n/5 hayHippie?(facu,p)$ \OMS/cmsy/m/n/5 ([]) $\T1/cmr/m/n/5 hayHippie
?(facu',p) $\OMS/cmsy/m/n/5 ^$
 []


Underfull \hbox (badness 10000) in paragraph at lines 90--90
[]$\OML/cmm/m/it/10 posValida\OT1/cmr/m/n/10 (\OML/cmm/m/it/10 campus\OT1/cmr/m
/n/10 (\OML/cmm/m/it/10 a\OT1/cmr/m/n/10 )\OML/cmm/m/it/10 ; pe\OT1/cmr/m/n/10 
) \OMS/cmsy/m/n/10 ^[] \OML/cmm/m/it/10 hayEst\OT1/cmr/m/n/10 ?(\OML/cmm/m/it/1
0 a; pe\OT1/cmr/m/n/10 ) \OMS/cmsy/m/n/10 ^ \OML/cmm/m/it/10 adyacente\OT1/cmr/
m/n/10 (\OML/cmm/m/it/10 campus\OT1/cmr/m/n/10 (\OML/cmm/m/it/10 a\OT1/cmr/m/n/
10 )\OML/cmm/m/it/10 ; pe; pd\OT1/cmr/m/n/10 ) \OMS/cmsy/m/n/10 ^
 []


Underfull \hbox (badness 10000) in paragraph at lines 90--90
[]$\OML/cmm/m/it/10 posValida\OT1/cmr/m/n/10 (\OML/cmm/m/it/10 campus\OT1/cmr/m
/n/10 (\OML/cmm/m/it/10 a\OT1/cmr/m/n/10 )\OML/cmm/m/it/10 ; pe\OT1/cmr/m/n/10 
) \OMS/cmsy/m/n/10 ^[] \OML/cmm/m/it/10 hayEst\OT1/cmr/m/n/10 ?(\OML/cmm/m/it/1
0 a; pe\OT1/cmr/m/n/10 ) \OMS/cmsy/m/n/10 ^ \OML/cmm/m/it/10 adyacente\OT1/cmr/
m/n/10 (\OML/cmm/m/it/10 campus\OT1/cmr/m/n/10 (\OML/cmm/m/it/10 a\OT1/cmr/m/n/
10 )\OML/cmm/m/it/10 ; pe; pd\OT1/cmr/m/n/10 ) \OMS/cmsy/m/n/10 ^
 []


Overfull \hbox (5.514pt too wide) in paragraph at lines 105--105
[]$\OMS/cmsy/m/n/10 :\OT1/cmr/m/n/10 (\OML/cmm/m/it/10 emptyset\OT1/cmr/m/n/10 
?(\OML/cmm/m/it/10 minPos\OT1/cmr/m/n/10 )) \OMS/cmsy/m/n/10 ^[] \OML/cmm/m/it/
10 posValida\OT1/cmr/m/n/10 (\OML/cmm/m/it/10 campus\OT1/cmr/m/n/10 (\OML/cmm/m
/it/10 a\OT1/cmr/m/n/10 )\OML/cmm/m/it/10 ; posAct\OT1/cmr/m/n/10 ) \OMS/cmsy/m
/n/10 ^ \OML/cmm/m/it/10 posicionesValidas\OT1/cmr/m/n/10 (\OML/cmm/m/it/10 cam
pus\OT1/cmr/m/n/10 (\OML/cmm/m/it/10 a\OT1/cmr/m/n/10 )\OML/cmm/m/it/10 ; minPo
s\OT1/cmr/m/n/10 )$ 
 []


Overfull \hbox (5.514pt too wide) in paragraph at lines 105--105
[]$\OMS/cmsy/m/n/10 :\OT1/cmr/m/n/10 (\OML/cmm/m/it/10 emptyset\OT1/cmr/m/n/10 
?(\OML/cmm/m/it/10 minPos\OT1/cmr/m/n/10 )) \OMS/cmsy/m/n/10 ^[] \OML/cmm/m/it/
10 posValida\OT1/cmr/m/n/10 (\OML/cmm/m/it/10 campus\OT1/cmr/m/n/10 (\OML/cmm/m
/it/10 a\OT1/cmr/m/n/10 )\OML/cmm/m/it/10 ; posAct\OT1/cmr/m/n/10 ) \OMS/cmsy/m
/n/10 ^ \OML/cmm/m/it/10 posicionesValidas\OT1/cmr/m/n/10 (\OML/cmm/m/it/10 cam
pus\OT1/cmr/m/n/10 (\OML/cmm/m/it/10 a\OT1/cmr/m/n/10 )\OML/cmm/m/it/10 ; minPo
s\OT1/cmr/m/n/10 )$ 
 []

Package babel Info: Redefining spanish shorthand <<
(babel)             in language  on input line 106.
Package babel Info: Redefining spanish shorthand >>
(babel)             in language  on input line 106.
Package babel Info: Redefining spanish shorthand "=
(babel)             in language  on input line 106.
Package babel Info: Redefining spanish shorthand "~
(babel)             in language  on input line 106.
Package babel Info: Redefining spanish shorthand "!
(babel)             in language  on input line 106.
Package babel Info: Redefining spanish shorthand "?
(babel)             in language  on input line 106.
Package babel Info: Redefining spanish shorthand <<
(babel)             in language  on input line 106.
Package babel Info: Redefining spanish shorthand >>
(babel)             in language  on input line 106.
Package babel Info: Redefining spanish shorthand "=
(babel)             in language  on input line 106.
Package babel Info: Redefining spanish shorthand "~
(babel)             in language  on input line 106.
Package babel Info: Redefining spanish shorthand "!
(babel)             in language  on input line 106.
Package babel Info: Redefining spanish shorthand "?
(babel)             in language  on input line 106.
[3]
Package babel Info: Redefining spanish shorthand <<
(babel)             in language  on input line 148.
Package babel Info: Redefining spanish shorthand >>
(babel)             in language  on input line 148.
Package babel Info: Redefining spanish shorthand "=
(babel)             in language  on input line 148.
Package babel Info: Redefining spanish shorthand "~
(babel)             in language  on input line 148.
Package babel Info: Redefining spanish shorthand "!
(babel)             in language  on input line 148.
Package babel Info: Redefining spanish shorthand "?
(babel)             in language  on input line 148.
Package babel Info: Redefining spanish shorthand <<
(babel)             in language  on input line 148.
Package babel Info: Redefining spanish shorthand >>
(babel)             in language  on input line 148.
Package babel Info: Redefining spanish shorthand "=
(babel)             in language  on input line 148.
Package babel Info: Redefining spanish shorthand "~
(babel)             in language  on input line 148.
Package babel Info: Redefining spanish shorthand "!
(babel)             in language  on input line 148.
Package babel Info: Redefining spanish shorthand "?
(babel)             in language  on input line 148.
 [4]
Overfull \hbox (5.29697pt too wide) in paragraph at lines 209--209
\OML/cmm/m/it/10 dameUno\OT1/cmr/m/n/10 (\OML/cmm/m/it/10 proxPoss\OT1/cmr/m/n/
10 (\OML/cmm/m/it/10 hippiesMasCerca\OT1/cmr/m/n/10 (\OML/cmm/m/it/10 a; dameUn
o\OT1/cmr/m/n/10 (\OML/cmm/m/it/10 segs\OT1/cmr/m/n/10 ))))))$ 
 []


Overfull \hbox (19.52333pt too wide) in paragraph at lines 209--209
\OML/cmm/m/it/10 dameUno\OT1/cmr/m/n/10 (\OML/cmm/m/it/10 proxPoss\OT1/cmr/m/n/
10 (\OML/cmm/m/it/10 hippiesMasCerca\OT1/cmr/m/n/10 (\OML/cmm/m/it/10 a; dameUn
o\OT1/cmr/m/n/10 (\OML/cmm/m/it/10 segs\OT1/cmr/m/n/10 ))))))$ 
 []


Underfull \hbox (badness 10000) in paragraph at lines 279--279
[]\T1/cmr/bx/n/10 if $\OMS/cmsy/m/n/10 ;\OT1/cmr/m/n/10 ?(\OML/cmm/m/it/10 vali
das\OT1/cmr/m/n/10 (\OML/cmm/m/it/10 a; \OMS/cmsy/m/n/10 f\OML/cmm/m/it/10 <$$^
^Y[]\OT1/cmr/m/n/10 (\OML/cmm/m/it/10 p\OT1/cmr/m/n/10 )$$+$$1\OML/cmm/m/it/10 
; ^^Y[]\OT1/cmr/m/n/10 (\OML/cmm/m/it/10 p\OT1/cmr/m/n/10 )$$\OML/cmm/m/it/10 >
$$<$$^^Y[]\OT1/cmr/m/n/10 (\OML/cmm/m/it/10 p\OT1/cmr/m/n/10 )\OML/cmm/m/it/10 
; ^^Y[]\OT1/cmr/m/n/10 (\OML/cmm/m/it/10 p\OT1/cmr/m/n/10 )$$\OMS/cmsy/m/n/10 ^
^@$$\OT1/cmr/m/n/10 1$$\OML/cmm/m/it/10 >$$\OMS/cmsy/m/n/10 g\OT1/cmr/m/n/10 ))
$
 []


Overfull \hbox (5.72166pt too wide) in paragraph at lines 279--279
[]\T1/cmr/bx/n/10 if $\OMS/cmsy/m/n/10 ;\OT1/cmr/m/n/10 ?(\OML/cmm/m/it/10 vali
das\OT1/cmr/m/n/10 (\OML/cmm/m/it/10 a; \OMS/cmsy/m/n/10 f\OML/cmm/m/it/10 <$$^
^Y[]\OT1/cmr/m/n/10 (\OML/cmm/m/it/10 p\OT1/cmr/m/n/10 )$$+$$1\OML/cmm/m/it/10 
; ^^Y[]\OT1/cmr/m/n/10 (\OML/cmm/m/it/10 p\OT1/cmr/m/n/10 )$$\OML/cmm/m/it/10 >
$$<$$^^Y[]\OT1/cmr/m/n/10 (\OML/cmm/m/it/10 p\OT1/cmr/m/n/10 )\OML/cmm/m/it/10 
; ^^Y[]\OT1/cmr/m/n/10 (\OML/cmm/m/it/10 p\OT1/cmr/m/n/10 )$$\OMS/cmsy/m/n/10 ^
^@$$\OT1/cmr/m/n/10 1$$\OML/cmm/m/it/10 >$$\OMS/cmsy/m/n/10 g\OT1/cmr/m/n/10 ))
$
 []


Underfull \hbox (badness 10000) in paragraph at lines 279--279
[]\T1/cmr/bx/n/10 if $\OMS/cmsy/m/n/10 ;\OT1/cmr/m/n/10 ?(\OML/cmm/m/it/10 vali
das\OT1/cmr/m/n/10 (\OML/cmm/m/it/10 a;$$\OMS/cmsy/m/n/10 f\OML/cmm/m/it/10 <$$
^^Y[]\OT1/cmr/m/n/10 (\OML/cmm/m/it/10 p\OT1/cmr/m/n/10 )\OMS/cmsy/m/n/10 ^^@$$
\OT1/cmr/m/n/10 1\OML/cmm/m/it/10 ; ^^Y[]\OT1/cmr/m/n/10 (\OML/cmm/m/it/10 p$$\
OT1/cmr/m/n/10 )$$\OML/cmm/m/it/10 ><$$^^Y[]\OT1/cmr/m/n/10 (\OML/cmm/m/it/10 p
\OT1/cmr/m/n/10 )\OML/cmm/m/it/10 ; ^^Y[]\OT1/cmr/m/n/10 (\OML/cmm/m/it/10 p\OT
1/cmr/m/n/10 )$$+$$1$$\OML/cmm/m/it/10 >$$\OMS/cmsy/m/n/10 g\OT1/cmr/m/n/10 ))$

 []


Underfull \hbox (badness 10000) in paragraph at lines 279--279
[]\T1/cmr/bx/n/10 if $\OMS/cmsy/m/n/10 ;\OT1/cmr/m/n/10 ?(\OML/cmm/m/it/10 vali
das\OT1/cmr/m/n/10 (\OML/cmm/m/it/10 a;$$\OMS/cmsy/m/n/10 f\OML/cmm/m/it/10 <$$
^^Y[]\OT1/cmr/m/n/10 (\OML/cmm/m/it/10 p\OT1/cmr/m/n/10 )$$\OMS/cmsy/m/n/10 ^^@
$$\OT1/cmr/m/n/10 1\OML/cmm/m/it/10 ; ^^Y[]\OT1/cmr/m/n/10 (\OML/cmm/m/it/10 p\
OT1/cmr/m/n/10 )$$\OML/cmm/m/it/10 ><$$^^Y[]\OT1/cmr/m/n/10 (\OML/cmm/m/it/10 p
\OT1/cmr/m/n/10 )\OML/cmm/m/it/10 ; ^^Y[]\OT1/cmr/m/n/10 (\OML/cmm/m/it/10 p\OT
1/cmr/m/n/10 )$$\OMS/cmsy/m/n/10 ^^@$$\OT1/cmr/m/n/10 1$$\OML/cmm/m/it/10 >$$\O
MS/cmsy/m/n/10 g\OT1/cmr/m/n/10 ))$
 []


Underfull \hbox (badness 10000) in paragraph at lines 279--279
[]$\OML/cmm/m/it/10 Ag\OT1/cmr/m/n/10 (\OML/cmm/m/it/10 proxPoss\OT1/cmr/m/n/10
 (\OML/cmm/m/it/10 sinUno\OT1/cmr/m/n/10 (\OML/cmm/m/it/10 entCerca\OT1/cmr/m/n
/10 )\OML/cmm/m/it/10 ; p\OT1/cmr/m/n/10 )\OML/cmm/m/it/10 ;$
 []


Underfull \hbox (badness 10000) in paragraph at lines 279--279
[]$\OML/cmm/m/it/10 Ag\OT1/cmr/m/n/10 (\OML/cmm/m/it/10 proxPoss\OT1/cmr/m/n/10
 (\OML/cmm/m/it/10 sinUno\OT1/cmr/m/n/10 (\OML/cmm/m/it/10 entCerca\OT1/cmr/m/n
/10 )\OML/cmm/m/it/10 ; p\OT1/cmr/m/n/10 )\OML/cmm/m/it/10 ;$
 []


Overfull \hbox (2.38843pt too wide) in paragraph at lines 279--279
[]\T1/cmr/bx/n/10 if $\OMS/cmsy/m/n/10 ;\OT1/cmr/m/n/10 ?(\OML/cmm/m/it/10 vali
das\OT1/cmr/m/n/10 (\OML/cmm/m/it/10 a;$$\OMS/cmsy/m/n/10 f\OML/cmm/m/it/10 <$$
^^Y[]\OT1/cmr/m/n/10 (\OML/cmm/m/it/10 p\OT1/cmr/m/n/10 )\OMS/cmsy/m/n/10 ^^@$$
\OT1/cmr/m/n/10 1\OML/cmm/m/it/10 ; ^^Y[]\OT1/cmr/m/n/10 (\OML/cmm/m/it/10 p$$\
OT1/cmr/m/n/10 )$$\OML/cmm/m/it/10 ><$$^^Y[]\OT1/cmr/m/n/10 (\OML/cmm/m/it/10 p
\OT1/cmr/m/n/10 )\OML/cmm/m/it/10 ; ^^Y[]\OT1/cmr/m/n/10 (\OML/cmm/m/it/10 p\OT
1/cmr/m/n/10 )$$+$$1$$\OML/cmm/m/it/10 >$$\OMS/cmsy/m/n/10 g\OT1/cmr/m/n/10 ))$

 []


Overfull \hbox (5.72165pt too wide) in paragraph at lines 279--279
[]\T1/cmr/bx/n/10 if $\OMS/cmsy/m/n/10 ;\OT1/cmr/m/n/10 ?(\OML/cmm/m/it/10 vali
das\OT1/cmr/m/n/10 (\OML/cmm/m/it/10 a;$$\OMS/cmsy/m/n/10 f\OML/cmm/m/it/10 <$$
^^Y[]\OT1/cmr/m/n/10 (\OML/cmm/m/it/10 p\OT1/cmr/m/n/10 )$$\OMS/cmsy/m/n/10 ^^@
$$\OT1/cmr/m/n/10 1\OML/cmm/m/it/10 ; ^^Y[]\OT1/cmr/m/n/10 (\OML/cmm/m/it/10 p\
OT1/cmr/m/n/10 )$$\OML/cmm/m/it/10 ><$$^^Y[]\OT1/cmr/m/n/10 (\OML/cmm/m/it/10 p
\OT1/cmr/m/n/10 )\OML/cmm/m/it/10 ; ^^Y[]\OT1/cmr/m/n/10 (\OML/cmm/m/it/10 p\OT
1/cmr/m/n/10 )$$\OMS/cmsy/m/n/10 ^^@$$\OT1/cmr/m/n/10 1$$\OML/cmm/m/it/10 >$$\O
MS/cmsy/m/n/10 g\OT1/cmr/m/n/10 ))$
 []


Underfull \hbox (badness 10000) in paragraph at lines 279--279
[]$\OML/cmm/m/it/10 Ag\OT1/cmr/m/n/10 (\OML/cmm/m/it/10 proxPoss\OT1/cmr/m/n/10
 (\OML/cmm/m/it/10 sinUno\OT1/cmr/m/n/10 (\OML/cmm/m/it/10 entCerca\OT1/cmr/m/n
/10 )\OML/cmm/m/it/10 ; p\OT1/cmr/m/n/10 )\OML/cmm/m/it/10 ;$
 []


Underfull \hbox (badness 10000) in paragraph at lines 279--279
[]$\OML/cmm/m/it/10 Ag\OT1/cmr/m/n/10 (\OML/cmm/m/it/10 proxPoss\OT1/cmr/m/n/10
 (\OML/cmm/m/it/10 sinUno\OT1/cmr/m/n/10 (\OML/cmm/m/it/10 entCerca\OT1/cmr/m/n
/10 )\OML/cmm/m/it/10 ; p\OT1/cmr/m/n/10 )\OML/cmm/m/it/10 ;$
 []


Underfull \hbox (badness 10000) in paragraph at lines 279--279
[]$\OML/cmm/m/it/10 Ag\OT1/cmr/m/n/10 (\OML/cmm/m/it/10 proxPoss\OT1/cmr/m/n/10
 (\OML/cmm/m/it/10 sinUno\OT1/cmr/m/n/10 (\OML/cmm/m/it/10 entCerca\OT1/cmr/m/n
/10 )\OML/cmm/m/it/10 ; p\OT1/cmr/m/n/10 )\OML/cmm/m/it/10 ;$
 []


Underfull \hbox (badness 10000) in paragraph at lines 279--279
[]$\OML/cmm/m/it/10 Ag\OT1/cmr/m/n/10 (\OML/cmm/m/it/10 proxPoss\OT1/cmr/m/n/10
 (\OML/cmm/m/it/10 sinUno\OT1/cmr/m/n/10 (\OML/cmm/m/it/10 entCerca\OT1/cmr/m/n
/10 )\OML/cmm/m/it/10 ; p\OT1/cmr/m/n/10 )\OML/cmm/m/it/10 ;$
 []


Overfull \hbox (5.72166pt too wide) in paragraph at lines 279--279
[]\T1/cmr/bx/n/10 if $\OMS/cmsy/m/n/10 ;\OT1/cmr/m/n/10 ?(\OML/cmm/m/it/10 vali
das\OT1/cmr/m/n/10 (\OML/cmm/m/it/10 a; \OMS/cmsy/m/n/10 f\OML/cmm/m/it/10 <$$^
^Y[]\OT1/cmr/m/n/10 (\OML/cmm/m/it/10 p\OT1/cmr/m/n/10 )$$+$$1\OML/cmm/m/it/10 
; ^^Y[]\OT1/cmr/m/n/10 (\OML/cmm/m/it/10 p\OT1/cmr/m/n/10 )$$\OML/cmm/m/it/10 >
$$<$$^^Y[]\OT1/cmr/m/n/10 (\OML/cmm/m/it/10 p\OT1/cmr/m/n/10 )\OML/cmm/m/it/10 
; ^^Y[]\OT1/cmr/m/n/10 (\OML/cmm/m/it/10 p\OT1/cmr/m/n/10 )$$\OMS/cmsy/m/n/10 ^
^@$$\OT1/cmr/m/n/10 1$$\OML/cmm/m/it/10 >$$\OMS/cmsy/m/n/10 g\OT1/cmr/m/n/10 ))
$
 []


Overfull \hbox (13.58978pt too wide) in paragraph at lines 279--279
[]\T1/cmr/bx/n/10 if $\OMS/cmsy/m/n/10 ;\OT1/cmr/m/n/10 ?(\OML/cmm/m/it/10 vali
das\OT1/cmr/m/n/10 (\OML/cmm/m/it/10 a; \OMS/cmsy/m/n/10 f\OML/cmm/m/it/10 <$$^
^Y[]\OT1/cmr/m/n/10 (\OML/cmm/m/it/10 pos\OT1/cmr/m/n/10 )$$+$$1\OML/cmm/m/it/1
0 ; ^^Y[]\OT1/cmr/m/n/10 (\OML/cmm/m/it/10 p\OT1/cmr/m/n/10 )$$\OML/cmm/m/it/10
 ><$$^^Y[]\OT1/cmr/m/n/10 (\OML/cmm/m/it/10 p\OT1/cmr/m/n/10 )\OML/cmm/m/it/10 
; ^^Y[]\OT1/cmr/m/n/10 (\OML/cmm/m/it/10 p\OT1/cmr/m/n/10 )$$+$$1$$\OML/cmm/m/i
t/10 >$$\OMS/cmsy/m/n/10 g\OT1/cmr/m/n/10 ))$
 []


Overfull \hbox (14.02924pt too wide) in paragraph at lines 279--279
[]$\OML/cmm/m/it/10 Ag\OT1/cmr/m/n/10 (\OML/cmm/m/it/10 proxPoss\OT1/cmr/m/n/10
 (\OML/cmm/m/it/10 sinUno\OT1/cmr/m/n/10 (\OML/cmm/m/it/10 entCerca\OT1/cmr/m/n
/10 )\OML/cmm/m/it/10 ; p\OT1/cmr/m/n/10 )\OML/cmm/m/it/10 ; dameUno\OT1/cmr/m/
n/10 (\OML/cmm/m/it/10 validas$ 
 []


Overfull \hbox (19.94803pt too wide) in paragraph at lines 279--279
[]\T1/cmr/bx/n/10 if $\OMS/cmsy/m/n/10 ;\OT1/cmr/m/n/10 ?(\OML/cmm/m/it/10 vali
das\OT1/cmr/m/n/10 (\OML/cmm/m/it/10 a; \OMS/cmsy/m/n/10 f\OML/cmm/m/it/10 <$$^
^Y[]\OT1/cmr/m/n/10 (\OML/cmm/m/it/10 p\OT1/cmr/m/n/10 )$$+$$1\OML/cmm/m/it/10 
; ^^Y[]\OT1/cmr/m/n/10 (\OML/cmm/m/it/10 p\OT1/cmr/m/n/10 )$$\OML/cmm/m/it/10 >
$$<$$^^Y[]\OT1/cmr/m/n/10 (\OML/cmm/m/it/10 p\OT1/cmr/m/n/10 )\OML/cmm/m/it/10 
; ^^Y[]\OT1/cmr/m/n/10 (\OML/cmm/m/it/10 p\OT1/cmr/m/n/10 )$$\OMS/cmsy/m/n/10 ^
^@$$\OT1/cmr/m/n/10 1$$\OML/cmm/m/it/10 >$$\OMS/cmsy/m/n/10 g\OT1/cmr/m/n/10 ))
$
 []


Overfull \hbox (14.02924pt too wide) in paragraph at lines 279--279
[]$\OML/cmm/m/it/10 Ag\OT1/cmr/m/n/10 (\OML/cmm/m/it/10 proxPoss\OT1/cmr/m/n/10
 (\OML/cmm/m/it/10 sinUno\OT1/cmr/m/n/10 (\OML/cmm/m/it/10 entCerca\OT1/cmr/m/n
/10 )\OML/cmm/m/it/10 ; p\OT1/cmr/m/n/10 )\OML/cmm/m/it/10 ; dameUno\OT1/cmr/m/
n/10 (\OML/cmm/m/it/10 validas$ 
 []


Overfull \hbox (2.38843pt too wide) in paragraph at lines 279--279
[]\T1/cmr/bx/n/10 if $\OMS/cmsy/m/n/10 ;\OT1/cmr/m/n/10 ?(\OML/cmm/m/it/10 vali
das\OT1/cmr/m/n/10 (\OML/cmm/m/it/10 a;$$\OMS/cmsy/m/n/10 f\OML/cmm/m/it/10 <$$
^^Y[]\OT1/cmr/m/n/10 (\OML/cmm/m/it/10 p\OT1/cmr/m/n/10 )\OMS/cmsy/m/n/10 ^^@$$
\OT1/cmr/m/n/10 1\OML/cmm/m/it/10 ; ^^Y[]\OT1/cmr/m/n/10 (\OML/cmm/m/it/10 p$$\
OT1/cmr/m/n/10 )$$\OML/cmm/m/it/10 ><$$^^Y[]\OT1/cmr/m/n/10 (\OML/cmm/m/it/10 p
\OT1/cmr/m/n/10 )\OML/cmm/m/it/10 ; ^^Y[]\OT1/cmr/m/n/10 (\OML/cmm/m/it/10 p\OT
1/cmr/m/n/10 )$$+$$1$$\OML/cmm/m/it/10 >$$\OMS/cmsy/m/n/10 g\OT1/cmr/m/n/10 ))$

 []


Overfull \hbox (5.72165pt too wide) in paragraph at lines 279--279
[]\T1/cmr/bx/n/10 if $\OMS/cmsy/m/n/10 ;\OT1/cmr/m/n/10 ?(\OML/cmm/m/it/10 vali
das\OT1/cmr/m/n/10 (\OML/cmm/m/it/10 a;$$\OMS/cmsy/m/n/10 f\OML/cmm/m/it/10 <$$
^^Y[]\OT1/cmr/m/n/10 (\OML/cmm/m/it/10 p\OT1/cmr/m/n/10 )$$\OMS/cmsy/m/n/10 ^^@
$$\OT1/cmr/m/n/10 1\OML/cmm/m/it/10 ; ^^Y[]\OT1/cmr/m/n/10 (\OML/cmm/m/it/10 p\
OT1/cmr/m/n/10 )$$\OML/cmm/m/it/10 ><$$^^Y[]\OT1/cmr/m/n/10 (\OML/cmm/m/it/10 p
\OT1/cmr/m/n/10 )\OML/cmm/m/it/10 ; ^^Y[]\OT1/cmr/m/n/10 (\OML/cmm/m/it/10 p\OT
1/cmr/m/n/10 )$$\OMS/cmsy/m/n/10 ^^@$$\OT1/cmr/m/n/10 1$$\OML/cmm/m/it/10 >$$\O
MS/cmsy/m/n/10 g\OT1/cmr/m/n/10 ))$
 []


Underfull \hbox (badness 10000) in paragraph at lines 279--279
[]$\OML/cmm/m/it/10 Ag\OT1/cmr/m/n/10 (\OML/cmm/m/it/10 proxPoss\OT1/cmr/m/n/10
 (\OML/cmm/m/it/10 sinUno\OT1/cmr/m/n/10 (\OML/cmm/m/it/10 entCerca\OT1/cmr/m/n
/10 )\OML/cmm/m/it/10 ; p\OT1/cmr/m/n/10 )\OML/cmm/m/it/10 ;$
 []


Underfull \hbox (badness 10000) in paragraph at lines 279--279
[]$\OML/cmm/m/it/10 Ag\OT1/cmr/m/n/10 (\OML/cmm/m/it/10 proxPoss\OT1/cmr/m/n/10
 (\OML/cmm/m/it/10 sinUno\OT1/cmr/m/n/10 (\OML/cmm/m/it/10 entCerca\OT1/cmr/m/n
/10 )\OML/cmm/m/it/10 ; p\OT1/cmr/m/n/10 )\OML/cmm/m/it/10 ;$
 []


Underfull \hbox (badness 10000) in paragraph at lines 279--279
[]$\OML/cmm/m/it/10 Ag\OT1/cmr/m/n/10 (\OML/cmm/m/it/10 proxPoss\OT1/cmr/m/n/10
 (\OML/cmm/m/it/10 sinUno\OT1/cmr/m/n/10 (\OML/cmm/m/it/10 entCerca\OT1/cmr/m/n
/10 )\OML/cmm/m/it/10 ; p\OT1/cmr/m/n/10 )\OML/cmm/m/it/10 ;$
 []


Underfull \hbox (badness 10000) in paragraph at lines 279--279
[]$\OML/cmm/m/it/10 Ag\OT1/cmr/m/n/10 (\OML/cmm/m/it/10 proxPoss\OT1/cmr/m/n/10
 (\OML/cmm/m/it/10 sinUno\OT1/cmr/m/n/10 (\OML/cmm/m/it/10 entCerca\OT1/cmr/m/n
/10 )\OML/cmm/m/it/10 ; p\OT1/cmr/m/n/10 )\OML/cmm/m/it/10 ;$
 []


Overfull \hbox (14.02924pt too wide) in paragraph at lines 279--279
[]$\OML/cmm/m/it/10 Ag\OT1/cmr/m/n/10 (\OML/cmm/m/it/10 proxPoss\OT1/cmr/m/n/10
 (\OML/cmm/m/it/10 sinUno\OT1/cmr/m/n/10 (\OML/cmm/m/it/10 entCerca\OT1/cmr/m/n
/10 )\OML/cmm/m/it/10 ; p\OT1/cmr/m/n/10 )\OML/cmm/m/it/10 ; dameUno\OT1/cmr/m/
n/10 (\OML/cmm/m/it/10 validas$ 
 []


Overfull \hbox (16.61479pt too wide) in paragraph at lines 279--279
[]\T1/cmr/bx/n/10 if $\OMS/cmsy/m/n/10 ;\OT1/cmr/m/n/10 ?(\OML/cmm/m/it/10 vali
das\OT1/cmr/m/n/10 (\OML/cmm/m/it/10 a;$$\OMS/cmsy/m/n/10 f\OML/cmm/m/it/10 <$$
^^Y[]\OT1/cmr/m/n/10 (\OML/cmm/m/it/10 p\OT1/cmr/m/n/10 )\OMS/cmsy/m/n/10 ^^@$$
\OT1/cmr/m/n/10 1\OML/cmm/m/it/10 ; ^^Y[]\OT1/cmr/m/n/10 (\OML/cmm/m/it/10 p$$\
OT1/cmr/m/n/10 )$$\OML/cmm/m/it/10 ><$$^^Y[]\OT1/cmr/m/n/10 (\OML/cmm/m/it/10 p
\OT1/cmr/m/n/10 )\OML/cmm/m/it/10 ; ^^Y[]\OT1/cmr/m/n/10 (\OML/cmm/m/it/10 p\OT
1/cmr/m/n/10 )$$+$$1$$\OML/cmm/m/it/10 >$$\OMS/cmsy/m/n/10 g\OT1/cmr/m/n/10 ))$

 []


Overfull \hbox (14.02924pt too wide) in paragraph at lines 279--279
[]$\OML/cmm/m/it/10 Ag\OT1/cmr/m/n/10 (\OML/cmm/m/it/10 proxPoss\OT1/cmr/m/n/10
 (\OML/cmm/m/it/10 sinUno\OT1/cmr/m/n/10 (\OML/cmm/m/it/10 entCerca\OT1/cmr/m/n
/10 )\OML/cmm/m/it/10 ; p\OT1/cmr/m/n/10 )\OML/cmm/m/it/10 ; dameUno\OT1/cmr/m/
n/10 (\OML/cmm/m/it/10 validas$ 
 []


Overfull \hbox (19.94801pt too wide) in paragraph at lines 279--279
[]\T1/cmr/bx/n/10 if $\OMS/cmsy/m/n/10 ;\OT1/cmr/m/n/10 ?(\OML/cmm/m/it/10 vali
das\OT1/cmr/m/n/10 (\OML/cmm/m/it/10 a;$$\OMS/cmsy/m/n/10 f\OML/cmm/m/it/10 <$$
^^Y[]\OT1/cmr/m/n/10 (\OML/cmm/m/it/10 p\OT1/cmr/m/n/10 )$$\OMS/cmsy/m/n/10 ^^@
$$\OT1/cmr/m/n/10 1\OML/cmm/m/it/10 ; ^^Y[]\OT1/cmr/m/n/10 (\OML/cmm/m/it/10 p\
OT1/cmr/m/n/10 )$$\OML/cmm/m/it/10 ><$$^^Y[]\OT1/cmr/m/n/10 (\OML/cmm/m/it/10 p
\OT1/cmr/m/n/10 )\OML/cmm/m/it/10 ; ^^Y[]\OT1/cmr/m/n/10 (\OML/cmm/m/it/10 p\OT
1/cmr/m/n/10 )$$\OMS/cmsy/m/n/10 ^^@$$\OT1/cmr/m/n/10 1$$\OML/cmm/m/it/10 >$$\O
MS/cmsy/m/n/10 g\OT1/cmr/m/n/10 ))$
 []


Underfull \hbox (badness 10000) in paragraph at lines 279--279
[]$\OML/cmm/m/it/10 Ag\OT1/cmr/m/n/10 (\OML/cmm/m/it/10 proxPoss\OT1/cmr/m/n/10
 (\OML/cmm/m/it/10 sinUno\OT1/cmr/m/n/10 (\OML/cmm/m/it/10 entCerca\OT1/cmr/m/n
/10 )\OML/cmm/m/it/10 ; p\OT1/cmr/m/n/10 )\OML/cmm/m/it/10 ;$
 []


Underfull \hbox (badness 10000) in paragraph at lines 279--279
[]$\OML/cmm/m/it/10 Ag\OT1/cmr/m/n/10 (\OML/cmm/m/it/10 proxPoss\OT1/cmr/m/n/10
 (\OML/cmm/m/it/10 sinUno\OT1/cmr/m/n/10 (\OML/cmm/m/it/10 entCerca\OT1/cmr/m/n
/10 )\OML/cmm/m/it/10 ; p\OT1/cmr/m/n/10 )\OML/cmm/m/it/10 ;$
 []


Underfull \hbox (badness 10000) in paragraph at lines 279--279
[]$\OML/cmm/m/it/10 Ag\OT1/cmr/m/n/10 (\OML/cmm/m/it/10 proxPoss\OT1/cmr/m/n/10
 (\OML/cmm/m/it/10 sinUno\OT1/cmr/m/n/10 (\OML/cmm/m/it/10 entCerca\OT1/cmr/m/n
/10 )\OML/cmm/m/it/10 ; p\OT1/cmr/m/n/10 )\OML/cmm/m/it/10 ;$
 []


Underfull \hbox (badness 10000) in paragraph at lines 279--279
[]$\OML/cmm/m/it/10 Ag\OT1/cmr/m/n/10 (\OML/cmm/m/it/10 proxPoss\OT1/cmr/m/n/10
 (\OML/cmm/m/it/10 sinUno\OT1/cmr/m/n/10 (\OML/cmm/m/it/10 entCerca\OT1/cmr/m/n
/10 )\OML/cmm/m/it/10 ; p\OT1/cmr/m/n/10 )\OML/cmm/m/it/10 ;$
 []


Overfull \hbox (5.72166pt too wide) in paragraph at lines 279--279
[]\T1/cmr/bx/n/10 if $\OMS/cmsy/m/n/10 ;\OT1/cmr/m/n/10 ?(\OML/cmm/m/it/10 vali
das\OT1/cmr/m/n/10 (\OML/cmm/m/it/10 a; \OMS/cmsy/m/n/10 f\OML/cmm/m/it/10 <$$^
^Y[]\OT1/cmr/m/n/10 (\OML/cmm/m/it/10 p\OT1/cmr/m/n/10 )$$+$$1\OML/cmm/m/it/10 
; ^^Y[]\OT1/cmr/m/n/10 (\OML/cmm/m/it/10 p\OT1/cmr/m/n/10 )$$\OML/cmm/m/it/10 >
$$<$$^^Y[]\OT1/cmr/m/n/10 (\OML/cmm/m/it/10 p\OT1/cmr/m/n/10 )\OML/cmm/m/it/10 
; ^^Y[]\OT1/cmr/m/n/10 (\OML/cmm/m/it/10 p\OT1/cmr/m/n/10 )$$\OMS/cmsy/m/n/10 ^
^@$$\OT1/cmr/m/n/10 1$$\OML/cmm/m/it/10 >$$\OMS/cmsy/m/n/10 g\OT1/cmr/m/n/10 ))
$
 []


Overfull \hbox (13.58978pt too wide) in paragraph at lines 279--279
[]\T1/cmr/bx/n/10 if $\OMS/cmsy/m/n/10 ;\OT1/cmr/m/n/10 ?(\OML/cmm/m/it/10 vali
das\OT1/cmr/m/n/10 (\OML/cmm/m/it/10 a; \OMS/cmsy/m/n/10 f\OML/cmm/m/it/10 <$$^
^Y[]\OT1/cmr/m/n/10 (\OML/cmm/m/it/10 pos\OT1/cmr/m/n/10 )$$+$$1\OML/cmm/m/it/1
0 ; ^^Y[]\OT1/cmr/m/n/10 (\OML/cmm/m/it/10 p\OT1/cmr/m/n/10 )$$\OML/cmm/m/it/10
 ><$$^^Y[]\OT1/cmr/m/n/10 (\OML/cmm/m/it/10 p\OT1/cmr/m/n/10 )\OML/cmm/m/it/10 
; ^^Y[]\OT1/cmr/m/n/10 (\OML/cmm/m/it/10 p\OT1/cmr/m/n/10 )$$+$$1$$\OML/cmm/m/i
t/10 >$$\OMS/cmsy/m/n/10 g\OT1/cmr/m/n/10 ))$
 []


Overfull \hbox (14.02924pt too wide) in paragraph at lines 279--279
[]$\OML/cmm/m/it/10 Ag\OT1/cmr/m/n/10 (\OML/cmm/m/it/10 proxPoss\OT1/cmr/m/n/10
 (\OML/cmm/m/it/10 sinUno\OT1/cmr/m/n/10 (\OML/cmm/m/it/10 entCerca\OT1/cmr/m/n
/10 )\OML/cmm/m/it/10 ; p\OT1/cmr/m/n/10 )\OML/cmm/m/it/10 ; dameUno\OT1/cmr/m/
n/10 (\OML/cmm/m/it/10 validas$ 
 []


Overfull \hbox (19.94803pt too wide) in paragraph at lines 279--279
[]\T1/cmr/bx/n/10 if $\OMS/cmsy/m/n/10 ;\OT1/cmr/m/n/10 ?(\OML/cmm/m/it/10 vali
das\OT1/cmr/m/n/10 (\OML/cmm/m/it/10 a; \OMS/cmsy/m/n/10 f\OML/cmm/m/it/10 <$$^
^Y[]\OT1/cmr/m/n/10 (\OML/cmm/m/it/10 p\OT1/cmr/m/n/10 )$$+$$1\OML/cmm/m/it/10 
; ^^Y[]\OT1/cmr/m/n/10 (\OML/cmm/m/it/10 p\OT1/cmr/m/n/10 )$$\OML/cmm/m/it/10 >
$$<$$^^Y[]\OT1/cmr/m/n/10 (\OML/cmm/m/it/10 p\OT1/cmr/m/n/10 )\OML/cmm/m/it/10 
; ^^Y[]\OT1/cmr/m/n/10 (\OML/cmm/m/it/10 p\OT1/cmr/m/n/10 )$$\OMS/cmsy/m/n/10 ^
^@$$\OT1/cmr/m/n/10 1$$\OML/cmm/m/it/10 >$$\OMS/cmsy/m/n/10 g\OT1/cmr/m/n/10 ))
$
 []


Overfull \hbox (14.02924pt too wide) in paragraph at lines 279--279
[]$\OML/cmm/m/it/10 Ag\OT1/cmr/m/n/10 (\OML/cmm/m/it/10 proxPoss\OT1/cmr/m/n/10
 (\OML/cmm/m/it/10 sinUno\OT1/cmr/m/n/10 (\OML/cmm/m/it/10 entCerca\OT1/cmr/m/n
/10 )\OML/cmm/m/it/10 ; p\OT1/cmr/m/n/10 )\OML/cmm/m/it/10 ; dameUno\OT1/cmr/m/
n/10 (\OML/cmm/m/it/10 validas$ 
 []


Overfull \hbox (2.38843pt too wide) in paragraph at lines 279--279
[]\T1/cmr/bx/n/10 if $\OMS/cmsy/m/n/10 ;\OT1/cmr/m/n/10 ?(\OML/cmm/m/it/10 vali
das\OT1/cmr/m/n/10 (\OML/cmm/m/it/10 a;$$\OMS/cmsy/m/n/10 f\OML/cmm/m/it/10 <$$
^^Y[]\OT1/cmr/m/n/10 (\OML/cmm/m/it/10 p\OT1/cmr/m/n/10 )\OMS/cmsy/m/n/10 ^^@$$
\OT1/cmr/m/n/10 1\OML/cmm/m/it/10 ; ^^Y[]\OT1/cmr/m/n/10 (\OML/cmm/m/it/10 p$$\
OT1/cmr/m/n/10 )$$\OML/cmm/m/it/10 ><$$^^Y[]\OT1/cmr/m/n/10 (\OML/cmm/m/it/10 p
\OT1/cmr/m/n/10 )\OML/cmm/m/it/10 ; ^^Y[]\OT1/cmr/m/n/10 (\OML/cmm/m/it/10 p\OT
1/cmr/m/n/10 )$$+$$1$$\OML/cmm/m/it/10 >$$\OMS/cmsy/m/n/10 g\OT1/cmr/m/n/10 ))$

 []


Overfull \hbox (5.72165pt too wide) in paragraph at lines 279--279
[]\T1/cmr/bx/n/10 if $\OMS/cmsy/m/n/10 ;\OT1/cmr/m/n/10 ?(\OML/cmm/m/it/10 vali
das\OT1/cmr/m/n/10 (\OML/cmm/m/it/10 a;$$\OMS/cmsy/m/n/10 f\OML/cmm/m/it/10 <$$
^^Y[]\OT1/cmr/m/n/10 (\OML/cmm/m/it/10 p\OT1/cmr/m/n/10 )$$\OMS/cmsy/m/n/10 ^^@
$$\OT1/cmr/m/n/10 1\OML/cmm/m/it/10 ; ^^Y[]\OT1/cmr/m/n/10 (\OML/cmm/m/it/10 p\
OT1/cmr/m/n/10 )$$\OML/cmm/m/it/10 ><$$^^Y[]\OT1/cmr/m/n/10 (\OML/cmm/m/it/10 p
\OT1/cmr/m/n/10 )\OML/cmm/m/it/10 ; ^^Y[]\OT1/cmr/m/n/10 (\OML/cmm/m/it/10 p\OT
1/cmr/m/n/10 )$$\OMS/cmsy/m/n/10 ^^@$$\OT1/cmr/m/n/10 1$$\OML/cmm/m/it/10 >$$\O
MS/cmsy/m/n/10 g\OT1/cmr/m/n/10 ))$
 []


Underfull \hbox (badness 10000) in paragraph at lines 279--279
[]$\OML/cmm/m/it/10 Ag\OT1/cmr/m/n/10 (\OML/cmm/m/it/10 proxPoss\OT1/cmr/m/n/10
 (\OML/cmm/m/it/10 sinUno\OT1/cmr/m/n/10 (\OML/cmm/m/it/10 entCerca\OT1/cmr/m/n
/10 )\OML/cmm/m/it/10 ; p\OT1/cmr/m/n/10 )\OML/cmm/m/it/10 ;$
 []


Underfull \hbox (badness 10000) in paragraph at lines 279--279
[]$\OML/cmm/m/it/10 Ag\OT1/cmr/m/n/10 (\OML/cmm/m/it/10 proxPoss\OT1/cmr/m/n/10
 (\OML/cmm/m/it/10 sinUno\OT1/cmr/m/n/10 (\OML/cmm/m/it/10 entCerca\OT1/cmr/m/n
/10 )\OML/cmm/m/it/10 ; p\OT1/cmr/m/n/10 )\OML/cmm/m/it/10 ;$
 []


Underfull \hbox (badness 10000) in paragraph at lines 279--279
[]$\OML/cmm/m/it/10 Ag\OT1/cmr/m/n/10 (\OML/cmm/m/it/10 proxPoss\OT1/cmr/m/n/10
 (\OML/cmm/m/it/10 sinUno\OT1/cmr/m/n/10 (\OML/cmm/m/it/10 entCerca\OT1/cmr/m/n
/10 )\OML/cmm/m/it/10 ; p\OT1/cmr/m/n/10 )\OML/cmm/m/it/10 ;$
 []


Underfull \hbox (badness 10000) in paragraph at lines 279--279
[]$\OML/cmm/m/it/10 Ag\OT1/cmr/m/n/10 (\OML/cmm/m/it/10 proxPoss\OT1/cmr/m/n/10
 (\OML/cmm/m/it/10 sinUno\OT1/cmr/m/n/10 (\OML/cmm/m/it/10 entCerca\OT1/cmr/m/n
/10 )\OML/cmm/m/it/10 ; p\OT1/cmr/m/n/10 )\OML/cmm/m/it/10 ;$
 []


Overfull \hbox (14.02924pt too wide) in paragraph at lines 279--279
[]$\OML/cmm/m/it/10 Ag\OT1/cmr/m/n/10 (\OML/cmm/m/it/10 proxPoss\OT1/cmr/m/n/10
 (\OML/cmm/m/it/10 sinUno\OT1/cmr/m/n/10 (\OML/cmm/m/it/10 entCerca\OT1/cmr/m/n
/10 )\OML/cmm/m/it/10 ; p\OT1/cmr/m/n/10 )\OML/cmm/m/it/10 ; dameUno\OT1/cmr/m/
n/10 (\OML/cmm/m/it/10 validas$ 
 []


Overfull \hbox (16.61479pt too wide) in paragraph at lines 279--279
[]\T1/cmr/bx/n/10 if $\OMS/cmsy/m/n/10 ;\OT1/cmr/m/n/10 ?(\OML/cmm/m/it/10 vali
das\OT1/cmr/m/n/10 (\OML/cmm/m/it/10 a;$$\OMS/cmsy/m/n/10 f\OML/cmm/m/it/10 <$$
^^Y[]\OT1/cmr/m/n/10 (\OML/cmm/m/it/10 p\OT1/cmr/m/n/10 )\OMS/cmsy/m/n/10 ^^@$$
\OT1/cmr/m/n/10 1\OML/cmm/m/it/10 ; ^^Y[]\OT1/cmr/m/n/10 (\OML/cmm/m/it/10 p$$\
OT1/cmr/m/n/10 )$$\OML/cmm/m/it/10 ><$$^^Y[]\OT1/cmr/m/n/10 (\OML/cmm/m/it/10 p
\OT1/cmr/m/n/10 )\OML/cmm/m/it/10 ; ^^Y[]\OT1/cmr/m/n/10 (\OML/cmm/m/it/10 p\OT
1/cmr/m/n/10 )$$+$$1$$\OML/cmm/m/it/10 >$$\OMS/cmsy/m/n/10 g\OT1/cmr/m/n/10 ))$

 []


Overfull \hbox (14.02924pt too wide) in paragraph at lines 279--279
[]$\OML/cmm/m/it/10 Ag\OT1/cmr/m/n/10 (\OML/cmm/m/it/10 proxPoss\OT1/cmr/m/n/10
 (\OML/cmm/m/it/10 sinUno\OT1/cmr/m/n/10 (\OML/cmm/m/it/10 entCerca\OT1/cmr/m/n
/10 )\OML/cmm/m/it/10 ; p\OT1/cmr/m/n/10 )\OML/cmm/m/it/10 ; dameUno\OT1/cmr/m/
n/10 (\OML/cmm/m/it/10 validas$ 
 []


Overfull \hbox (19.94801pt too wide) in paragraph at lines 279--279
[]\T1/cmr/bx/n/10 if $\OMS/cmsy/m/n/10 ;\OT1/cmr/m/n/10 ?(\OML/cmm/m/it/10 vali
das\OT1/cmr/m/n/10 (\OML/cmm/m/it/10 a;$$\OMS/cmsy/m/n/10 f\OML/cmm/m/it/10 <$$
^^Y[]\OT1/cmr/m/n/10 (\OML/cmm/m/it/10 p\OT1/cmr/m/n/10 )$$\OMS/cmsy/m/n/10 ^^@
$$\OT1/cmr/m/n/10 1\OML/cmm/m/it/10 ; ^^Y[]\OT1/cmr/m/n/10 (\OML/cmm/m/it/10 p\
OT1/cmr/m/n/10 )$$\OML/cmm/m/it/10 ><$$^^Y[]\OT1/cmr/m/n/10 (\OML/cmm/m/it/10 p
\OT1/cmr/m/n/10 )\OML/cmm/m/it/10 ; ^^Y[]\OT1/cmr/m/n/10 (\OML/cmm/m/it/10 p\OT
1/cmr/m/n/10 )$$\OMS/cmsy/m/n/10 ^^@$$\OT1/cmr/m/n/10 1$$\OML/cmm/m/it/10 >$$\O
MS/cmsy/m/n/10 g\OT1/cmr/m/n/10 ))$
 []


Underfull \hbox (badness 10000) in paragraph at lines 279--279
[]$\OML/cmm/m/it/10 Ag\OT1/cmr/m/n/10 (\OML/cmm/m/it/10 proxPoss\OT1/cmr/m/n/10
 (\OML/cmm/m/it/10 sinUno\OT1/cmr/m/n/10 (\OML/cmm/m/it/10 entCerca\OT1/cmr/m/n
/10 )\OML/cmm/m/it/10 ; p\OT1/cmr/m/n/10 )\OML/cmm/m/it/10 ;$
 []


Underfull \hbox (badness 10000) in paragraph at lines 279--279
[]$\OML/cmm/m/it/10 Ag\OT1/cmr/m/n/10 (\OML/cmm/m/it/10 proxPoss\OT1/cmr/m/n/10
 (\OML/cmm/m/it/10 sinUno\OT1/cmr/m/n/10 (\OML/cmm/m/it/10 entCerca\OT1/cmr/m/n
/10 )\OML/cmm/m/it/10 ; p\OT1/cmr/m/n/10 )\OML/cmm/m/it/10 ;$
 []


Underfull \hbox (badness 10000) in paragraph at lines 279--279
[]$\OML/cmm/m/it/10 Ag\OT1/cmr/m/n/10 (\OML/cmm/m/it/10 proxPoss\OT1/cmr/m/n/10
 (\OML/cmm/m/it/10 sinUno\OT1/cmr/m/n/10 (\OML/cmm/m/it/10 entCerca\OT1/cmr/m/n
/10 )\OML/cmm/m/it/10 ; p\OT1/cmr/m/n/10 )\OML/cmm/m/it/10 ;$
 []


Underfull \hbox (badness 10000) in paragraph at lines 279--279
[]$\OML/cmm/m/it/10 Ag\OT1/cmr/m/n/10 (\OML/cmm/m/it/10 proxPoss\OT1/cmr/m/n/10
 (\OML/cmm/m/it/10 sinUno\OT1/cmr/m/n/10 (\OML/cmm/m/it/10 entCerca\OT1/cmr/m/n
/10 )\OML/cmm/m/it/10 ; p\OT1/cmr/m/n/10 )\OML/cmm/m/it/10 ;$
 []


Overfull \hbox (14.02924pt too wide) in paragraph at lines 279--279
[]$\OML/cmm/m/it/10 Ag\OT1/cmr/m/n/10 (\OML/cmm/m/it/10 proxPoss\OT1/cmr/m/n/10
 (\OML/cmm/m/it/10 sinUno\OT1/cmr/m/n/10 (\OML/cmm/m/it/10 entCerca\OT1/cmr/m/n
/10 )\OML/cmm/m/it/10 ; p\OT1/cmr/m/n/10 )\OML/cmm/m/it/10 ; dameUno\OT1/cmr/m/
n/10 (\OML/cmm/m/it/10 validas$ 
 []


Overfull \hbox (19.94803pt too wide) in paragraph at lines 279--279
[]\T1/cmr/bx/n/10 if $\OMS/cmsy/m/n/10 ;\OT1/cmr/m/n/10 ?(\OML/cmm/m/it/10 vali
das\OT1/cmr/m/n/10 (\OML/cmm/m/it/10 a; \OMS/cmsy/m/n/10 f\OML/cmm/m/it/10 <$$^
^Y[]\OT1/cmr/m/n/10 (\OML/cmm/m/it/10 p\OT1/cmr/m/n/10 )$$+$$1\OML/cmm/m/it/10 
; ^^Y[]\OT1/cmr/m/n/10 (\OML/cmm/m/it/10 p\OT1/cmr/m/n/10 )$$\OML/cmm/m/it/10 >
$$<$$^^Y[]\OT1/cmr/m/n/10 (\OML/cmm/m/it/10 p\OT1/cmr/m/n/10 )\OML/cmm/m/it/10 
; ^^Y[]\OT1/cmr/m/n/10 (\OML/cmm/m/it/10 p\OT1/cmr/m/n/10 )$$\OMS/cmsy/m/n/10 ^
^@$$\OT1/cmr/m/n/10 1$$\OML/cmm/m/it/10 >$$\OMS/cmsy/m/n/10 g\OT1/cmr/m/n/10 ))
$
 []


Overfull \hbox (14.02924pt too wide) in paragraph at lines 279--279
[]$\OML/cmm/m/it/10 Ag\OT1/cmr/m/n/10 (\OML/cmm/m/it/10 proxPoss\OT1/cmr/m/n/10
 (\OML/cmm/m/it/10 sinUno\OT1/cmr/m/n/10 (\OML/cmm/m/it/10 entCerca\OT1/cmr/m/n
/10 )\OML/cmm/m/it/10 ; p\OT1/cmr/m/n/10 )\OML/cmm/m/it/10 ; dameUno\OT1/cmr/m/
n/10 (\OML/cmm/m/it/10 validas$ 
 []


Overfull \hbox (14.02924pt too wide) in paragraph at lines 279--279
[]$\OML/cmm/m/it/10 Ag\OT1/cmr/m/n/10 (\OML/cmm/m/it/10 proxPoss\OT1/cmr/m/n/10
 (\OML/cmm/m/it/10 sinUno\OT1/cmr/m/n/10 (\OML/cmm/m/it/10 entCerca\OT1/cmr/m/n
/10 )\OML/cmm/m/it/10 ; p\OT1/cmr/m/n/10 )\OML/cmm/m/it/10 ; dameUno\OT1/cmr/m/
n/10 (\OML/cmm/m/it/10 validas$ 
 []


Overfull \hbox (27.81615pt too wide) in paragraph at lines 279--279
[]\T1/cmr/bx/n/10 if $\OMS/cmsy/m/n/10 ;\OT1/cmr/m/n/10 ?(\OML/cmm/m/it/10 vali
das\OT1/cmr/m/n/10 (\OML/cmm/m/it/10 a; \OMS/cmsy/m/n/10 f\OML/cmm/m/it/10 <$$^
^Y[]\OT1/cmr/m/n/10 (\OML/cmm/m/it/10 pos\OT1/cmr/m/n/10 )$$+$$1\OML/cmm/m/it/1
0 ; ^^Y[]\OT1/cmr/m/n/10 (\OML/cmm/m/it/10 p\OT1/cmr/m/n/10 )$$\OML/cmm/m/it/10
 ><$$^^Y[]\OT1/cmr/m/n/10 (\OML/cmm/m/it/10 p\OT1/cmr/m/n/10 )\OML/cmm/m/it/10 
; ^^Y[]\OT1/cmr/m/n/10 (\OML/cmm/m/it/10 p\OT1/cmr/m/n/10 )$$+$$1$$\OML/cmm/m/i
t/10 >$$\OMS/cmsy/m/n/10 g\OT1/cmr/m/n/10 ))$
 []


Overfull \hbox (14.02924pt too wide) in paragraph at lines 279--279
[]$\OML/cmm/m/it/10 Ag\OT1/cmr/m/n/10 (\OML/cmm/m/it/10 proxPoss\OT1/cmr/m/n/10
 (\OML/cmm/m/it/10 sinUno\OT1/cmr/m/n/10 (\OML/cmm/m/it/10 entCerca\OT1/cmr/m/n
/10 )\OML/cmm/m/it/10 ; p\OT1/cmr/m/n/10 )\OML/cmm/m/it/10 ; dameUno\OT1/cmr/m/
n/10 (\OML/cmm/m/it/10 validas$ 
 []


Overfull \hbox (14.02924pt too wide) in paragraph at lines 279--279
[]$\OML/cmm/m/it/10 Ag\OT1/cmr/m/n/10 (\OML/cmm/m/it/10 proxPoss\OT1/cmr/m/n/10
 (\OML/cmm/m/it/10 sinUno\OT1/cmr/m/n/10 (\OML/cmm/m/it/10 entCerca\OT1/cmr/m/n
/10 )\OML/cmm/m/it/10 ; p\OT1/cmr/m/n/10 )\OML/cmm/m/it/10 ; dameUno\OT1/cmr/m/
n/10 (\OML/cmm/m/it/10 validas$ 
 []


Overfull \hbox (28.2556pt too wide) in paragraph at lines 279--279
[]$\OML/cmm/m/it/10 Ag\OT1/cmr/m/n/10 (\OML/cmm/m/it/10 proxPoss\OT1/cmr/m/n/10
 (\OML/cmm/m/it/10 sinUno\OT1/cmr/m/n/10 (\OML/cmm/m/it/10 entCerca\OT1/cmr/m/n
/10 )\OML/cmm/m/it/10 ; p\OT1/cmr/m/n/10 )\OML/cmm/m/it/10 ; dameUno\OT1/cmr/m/
n/10 (\OML/cmm/m/it/10 validas$ 
 []


Overfull \hbox (34.1744pt too wide) in paragraph at lines 279--279
[]\T1/cmr/bx/n/10 if $\OMS/cmsy/m/n/10 ;\OT1/cmr/m/n/10 ?(\OML/cmm/m/it/10 vali
das\OT1/cmr/m/n/10 (\OML/cmm/m/it/10 a; \OMS/cmsy/m/n/10 f\OML/cmm/m/it/10 <$$^
^Y[]\OT1/cmr/m/n/10 (\OML/cmm/m/it/10 p\OT1/cmr/m/n/10 )$$+$$1\OML/cmm/m/it/10 
; ^^Y[]\OT1/cmr/m/n/10 (\OML/cmm/m/it/10 p\OT1/cmr/m/n/10 )$$\OML/cmm/m/it/10 >
$$<$$^^Y[]\OT1/cmr/m/n/10 (\OML/cmm/m/it/10 p\OT1/cmr/m/n/10 )\OML/cmm/m/it/10 
; ^^Y[]\OT1/cmr/m/n/10 (\OML/cmm/m/it/10 p\OT1/cmr/m/n/10 )$$\OMS/cmsy/m/n/10 ^
^@$$\OT1/cmr/m/n/10 1$$\OML/cmm/m/it/10 >$$\OMS/cmsy/m/n/10 g\OT1/cmr/m/n/10 ))
$
 []


Overfull \hbox (28.2556pt too wide) in paragraph at lines 279--279
[]$\OML/cmm/m/it/10 Ag\OT1/cmr/m/n/10 (\OML/cmm/m/it/10 proxPoss\OT1/cmr/m/n/10
 (\OML/cmm/m/it/10 sinUno\OT1/cmr/m/n/10 (\OML/cmm/m/it/10 entCerca\OT1/cmr/m/n
/10 )\OML/cmm/m/it/10 ; p\OT1/cmr/m/n/10 )\OML/cmm/m/it/10 ; dameUno\OT1/cmr/m/
n/10 (\OML/cmm/m/it/10 validas$ 
 []


Overfull \hbox (14.02924pt too wide) in paragraph at lines 279--279
[]$\OML/cmm/m/it/10 Ag\OT1/cmr/m/n/10 (\OML/cmm/m/it/10 proxPoss\OT1/cmr/m/n/10
 (\OML/cmm/m/it/10 sinUno\OT1/cmr/m/n/10 (\OML/cmm/m/it/10 entCerca\OT1/cmr/m/n
/10 )\OML/cmm/m/it/10 ; p\OT1/cmr/m/n/10 )\OML/cmm/m/it/10 ; dameUno\OT1/cmr/m/
n/10 (\OML/cmm/m/it/10 validas$ 
 []


Overfull \hbox (16.61479pt too wide) in paragraph at lines 279--279
[]\T1/cmr/bx/n/10 if $\OMS/cmsy/m/n/10 ;\OT1/cmr/m/n/10 ?(\OML/cmm/m/it/10 vali
das\OT1/cmr/m/n/10 (\OML/cmm/m/it/10 a;$$\OMS/cmsy/m/n/10 f\OML/cmm/m/it/10 <$$
^^Y[]\OT1/cmr/m/n/10 (\OML/cmm/m/it/10 p\OT1/cmr/m/n/10 )\OMS/cmsy/m/n/10 ^^@$$
\OT1/cmr/m/n/10 1\OML/cmm/m/it/10 ; ^^Y[]\OT1/cmr/m/n/10 (\OML/cmm/m/it/10 p$$\
OT1/cmr/m/n/10 )$$\OML/cmm/m/it/10 ><$$^^Y[]\OT1/cmr/m/n/10 (\OML/cmm/m/it/10 p
\OT1/cmr/m/n/10 )\OML/cmm/m/it/10 ; ^^Y[]\OT1/cmr/m/n/10 (\OML/cmm/m/it/10 p\OT
1/cmr/m/n/10 )$$+$$1$$\OML/cmm/m/it/10 >$$\OMS/cmsy/m/n/10 g\OT1/cmr/m/n/10 ))$

 []


Overfull \hbox (14.02924pt too wide) in paragraph at lines 279--279
[]$\OML/cmm/m/it/10 Ag\OT1/cmr/m/n/10 (\OML/cmm/m/it/10 proxPoss\OT1/cmr/m/n/10
 (\OML/cmm/m/it/10 sinUno\OT1/cmr/m/n/10 (\OML/cmm/m/it/10 entCerca\OT1/cmr/m/n
/10 )\OML/cmm/m/it/10 ; p\OT1/cmr/m/n/10 )\OML/cmm/m/it/10 ; dameUno\OT1/cmr/m/
n/10 (\OML/cmm/m/it/10 validas$ 
 []


Overfull \hbox (19.94801pt too wide) in paragraph at lines 279--279
[]\T1/cmr/bx/n/10 if $\OMS/cmsy/m/n/10 ;\OT1/cmr/m/n/10 ?(\OML/cmm/m/it/10 vali
das\OT1/cmr/m/n/10 (\OML/cmm/m/it/10 a;$$\OMS/cmsy/m/n/10 f\OML/cmm/m/it/10 <$$
^^Y[]\OT1/cmr/m/n/10 (\OML/cmm/m/it/10 p\OT1/cmr/m/n/10 )$$\OMS/cmsy/m/n/10 ^^@
$$\OT1/cmr/m/n/10 1\OML/cmm/m/it/10 ; ^^Y[]\OT1/cmr/m/n/10 (\OML/cmm/m/it/10 p\
OT1/cmr/m/n/10 )$$\OML/cmm/m/it/10 ><$$^^Y[]\OT1/cmr/m/n/10 (\OML/cmm/m/it/10 p
\OT1/cmr/m/n/10 )\OML/cmm/m/it/10 ; ^^Y[]\OT1/cmr/m/n/10 (\OML/cmm/m/it/10 p\OT
1/cmr/m/n/10 )$$\OMS/cmsy/m/n/10 ^^@$$\OT1/cmr/m/n/10 1$$\OML/cmm/m/it/10 >$$\O
MS/cmsy/m/n/10 g\OT1/cmr/m/n/10 ))$
 []


Underfull \hbox (badness 10000) in paragraph at lines 279--279
[]$\OML/cmm/m/it/10 Ag\OT1/cmr/m/n/10 (\OML/cmm/m/it/10 proxPoss\OT1/cmr/m/n/10
 (\OML/cmm/m/it/10 sinUno\OT1/cmr/m/n/10 (\OML/cmm/m/it/10 entCerca\OT1/cmr/m/n
/10 )\OML/cmm/m/it/10 ; p\OT1/cmr/m/n/10 )\OML/cmm/m/it/10 ;$
 []


Underfull \hbox (badness 10000) in paragraph at lines 279--279
[]$\OML/cmm/m/it/10 Ag\OT1/cmr/m/n/10 (\OML/cmm/m/it/10 proxPoss\OT1/cmr/m/n/10
 (\OML/cmm/m/it/10 sinUno\OT1/cmr/m/n/10 (\OML/cmm/m/it/10 entCerca\OT1/cmr/m/n
/10 )\OML/cmm/m/it/10 ; p\OT1/cmr/m/n/10 )\OML/cmm/m/it/10 ;$
 []


Underfull \hbox (badness 10000) in paragraph at lines 279--279
[]$\OML/cmm/m/it/10 Ag\OT1/cmr/m/n/10 (\OML/cmm/m/it/10 proxPoss\OT1/cmr/m/n/10
 (\OML/cmm/m/it/10 sinUno\OT1/cmr/m/n/10 (\OML/cmm/m/it/10 entCerca\OT1/cmr/m/n
/10 )\OML/cmm/m/it/10 ; p\OT1/cmr/m/n/10 )\OML/cmm/m/it/10 ;$
 []


Underfull \hbox (badness 10000) in paragraph at lines 279--279
[]$\OML/cmm/m/it/10 Ag\OT1/cmr/m/n/10 (\OML/cmm/m/it/10 proxPoss\OT1/cmr/m/n/10
 (\OML/cmm/m/it/10 sinUno\OT1/cmr/m/n/10 (\OML/cmm/m/it/10 entCerca\OT1/cmr/m/n
/10 )\OML/cmm/m/it/10 ; p\OT1/cmr/m/n/10 )\OML/cmm/m/it/10 ;$
 []


Overfull \hbox (14.02924pt too wide) in paragraph at lines 279--279
[]$\OML/cmm/m/it/10 Ag\OT1/cmr/m/n/10 (\OML/cmm/m/it/10 proxPoss\OT1/cmr/m/n/10
 (\OML/cmm/m/it/10 sinUno\OT1/cmr/m/n/10 (\OML/cmm/m/it/10 entCerca\OT1/cmr/m/n
/10 )\OML/cmm/m/it/10 ; p\OT1/cmr/m/n/10 )\OML/cmm/m/it/10 ; dameUno\OT1/cmr/m/
n/10 (\OML/cmm/m/it/10 validas$ 
 []


Overfull \hbox (14.02924pt too wide) in paragraph at lines 279--279
[]$\OML/cmm/m/it/10 Ag\OT1/cmr/m/n/10 (\OML/cmm/m/it/10 proxPoss\OT1/cmr/m/n/10
 (\OML/cmm/m/it/10 sinUno\OT1/cmr/m/n/10 (\OML/cmm/m/it/10 entCerca\OT1/cmr/m/n
/10 )\OML/cmm/m/it/10 ; p\OT1/cmr/m/n/10 )\OML/cmm/m/it/10 ; dameUno\OT1/cmr/m/
n/10 (\OML/cmm/m/it/10 validas$ 
 []


Overfull \hbox (28.2556pt too wide) in paragraph at lines 279--279
[]$\OML/cmm/m/it/10 Ag\OT1/cmr/m/n/10 (\OML/cmm/m/it/10 proxPoss\OT1/cmr/m/n/10
 (\OML/cmm/m/it/10 sinUno\OT1/cmr/m/n/10 (\OML/cmm/m/it/10 entCerca\OT1/cmr/m/n
/10 )\OML/cmm/m/it/10 ; p\OT1/cmr/m/n/10 )\OML/cmm/m/it/10 ; dameUno\OT1/cmr/m/
n/10 (\OML/cmm/m/it/10 validas$ 
 []


Overfull \hbox (30.84116pt too wide) in paragraph at lines 279--279
[]\T1/cmr/bx/n/10 if $\OMS/cmsy/m/n/10 ;\OT1/cmr/m/n/10 ?(\OML/cmm/m/it/10 vali
das\OT1/cmr/m/n/10 (\OML/cmm/m/it/10 a;$$\OMS/cmsy/m/n/10 f\OML/cmm/m/it/10 <$$
^^Y[]\OT1/cmr/m/n/10 (\OML/cmm/m/it/10 p\OT1/cmr/m/n/10 )\OMS/cmsy/m/n/10 ^^@$$
\OT1/cmr/m/n/10 1\OML/cmm/m/it/10 ; ^^Y[]\OT1/cmr/m/n/10 (\OML/cmm/m/it/10 p$$\
OT1/cmr/m/n/10 )$$\OML/cmm/m/it/10 ><$$^^Y[]\OT1/cmr/m/n/10 (\OML/cmm/m/it/10 p
\OT1/cmr/m/n/10 )\OML/cmm/m/it/10 ; ^^Y[]\OT1/cmr/m/n/10 (\OML/cmm/m/it/10 p\OT
1/cmr/m/n/10 )$$+$$1$$\OML/cmm/m/it/10 >$$\OMS/cmsy/m/n/10 g\OT1/cmr/m/n/10 ))$

 []


Overfull \hbox (28.2556pt too wide) in paragraph at lines 279--279
[]$\OML/cmm/m/it/10 Ag\OT1/cmr/m/n/10 (\OML/cmm/m/it/10 proxPoss\OT1/cmr/m/n/10
 (\OML/cmm/m/it/10 sinUno\OT1/cmr/m/n/10 (\OML/cmm/m/it/10 entCerca\OT1/cmr/m/n
/10 )\OML/cmm/m/it/10 ; p\OT1/cmr/m/n/10 )\OML/cmm/m/it/10 ; dameUno\OT1/cmr/m/
n/10 (\OML/cmm/m/it/10 validas$ 
 []


Overfull \hbox (34.17438pt too wide) in paragraph at lines 279--279
[]\T1/cmr/bx/n/10 if $\OMS/cmsy/m/n/10 ;\OT1/cmr/m/n/10 ?(\OML/cmm/m/it/10 vali
das\OT1/cmr/m/n/10 (\OML/cmm/m/it/10 a;$$\OMS/cmsy/m/n/10 f\OML/cmm/m/it/10 <$$
^^Y[]\OT1/cmr/m/n/10 (\OML/cmm/m/it/10 p\OT1/cmr/m/n/10 )$$\OMS/cmsy/m/n/10 ^^@
$$\OT1/cmr/m/n/10 1\OML/cmm/m/it/10 ; ^^Y[]\OT1/cmr/m/n/10 (\OML/cmm/m/it/10 p\
OT1/cmr/m/n/10 )$$\OML/cmm/m/it/10 ><$$^^Y[]\OT1/cmr/m/n/10 (\OML/cmm/m/it/10 p
\OT1/cmr/m/n/10 )\OML/cmm/m/it/10 ; ^^Y[]\OT1/cmr/m/n/10 (\OML/cmm/m/it/10 p\OT
1/cmr/m/n/10 )$$\OMS/cmsy/m/n/10 ^^@$$\OT1/cmr/m/n/10 1$$\OML/cmm/m/it/10 >$$\O
MS/cmsy/m/n/10 g\OT1/cmr/m/n/10 ))$
 []


Underfull \hbox (badness 10000) in paragraph at lines 279--279
[]$\OML/cmm/m/it/10 Ag\OT1/cmr/m/n/10 (\OML/cmm/m/it/10 proxPoss\OT1/cmr/m/n/10
 (\OML/cmm/m/it/10 sinUno\OT1/cmr/m/n/10 (\OML/cmm/m/it/10 entCerca\OT1/cmr/m/n
/10 )\OML/cmm/m/it/10 ; p\OT1/cmr/m/n/10 )\OML/cmm/m/it/10 ;$
 []


Underfull \hbox (badness 10000) in paragraph at lines 279--279
[]$\OML/cmm/m/it/10 Ag\OT1/cmr/m/n/10 (\OML/cmm/m/it/10 proxPoss\OT1/cmr/m/n/10
 (\OML/cmm/m/it/10 sinUno\OT1/cmr/m/n/10 (\OML/cmm/m/it/10 entCerca\OT1/cmr/m/n
/10 )\OML/cmm/m/it/10 ; p\OT1/cmr/m/n/10 )\OML/cmm/m/it/10 ;$
 []


Underfull \hbox (badness 10000) in paragraph at lines 279--279
[]$\OML/cmm/m/it/10 Ag\OT1/cmr/m/n/10 (\OML/cmm/m/it/10 proxPoss\OT1/cmr/m/n/10
 (\OML/cmm/m/it/10 sinUno\OT1/cmr/m/n/10 (\OML/cmm/m/it/10 entCerca\OT1/cmr/m/n
/10 )\OML/cmm/m/it/10 ; p\OT1/cmr/m/n/10 )\OML/cmm/m/it/10 ;$
 []


Underfull \hbox (badness 10000) in paragraph at lines 279--279
[]$\OML/cmm/m/it/10 Ag\OT1/cmr/m/n/10 (\OML/cmm/m/it/10 proxPoss\OT1/cmr/m/n/10
 (\OML/cmm/m/it/10 sinUno\OT1/cmr/m/n/10 (\OML/cmm/m/it/10 entCerca\OT1/cmr/m/n
/10 )\OML/cmm/m/it/10 ; p\OT1/cmr/m/n/10 )\OML/cmm/m/it/10 ;$
 []

Package babel Info: Redefining spanish shorthand <<
(babel)             in language  on input line 294.
Package babel Info: Redefining spanish shorthand >>
(babel)             in language  on input line 294.
Package babel Info: Redefining spanish shorthand "=
(babel)             in language  on input line 294.
Package babel Info: Redefining spanish shorthand "~
(babel)             in language  on input line 294.
Package babel Info: Redefining spanish shorthand "!
(babel)             in language  on input line 294.
Package babel Info: Redefining spanish shorthand "?
(babel)             in language  on input line 294.
Package babel Info: Redefining spanish shorthand <<
(babel)             in language  on input line 294.
Package babel Info: Redefining spanish shorthand >>
(babel)             in language  on input line 294.
Package babel Info: Redefining spanish shorthand "=
(babel)             in language  on input line 294.
Package babel Info: Redefining spanish shorthand "~
(babel)             in language  on input line 294.
Package babel Info: Redefining spanish shorthand "!
(babel)             in language  on input line 294.
Package babel Info: Redefining spanish shorthand "?
(babel)             in language  on input line 294.
[5]
Overfull \vbox (41.73877pt too high) has occurred while \output is active []

Package babel Info: Redefining spanish shorthand <<
(babel)             in language  on input line 294.
Package babel Info: Redefining spanish shorthand >>
(babel)             in language  on input line 294.
Package babel Info: Redefining spanish shorthand "=
(babel)             in language  on input line 294.
Package babel Info: Redefining spanish shorthand "~
(babel)             in language  on input line 294.
Package babel Info: Redefining spanish shorthand "!
(babel)             in language  on input line 294.
Package babel Info: Redefining spanish shorthand "?
(babel)             in language  on input line 294.
Package babel Info: Redefining spanish shorthand <<
(babel)             in language  on input line 294.
Package babel Info: Redefining spanish shorthand >>
(babel)             in language  on input line 294.
Package babel Info: Redefining spanish shorthand "=
(babel)             in language  on input line 294.
Package babel Info: Redefining spanish shorthand "~
(babel)             in language  on input line 294.
Package babel Info: Redefining spanish shorthand "!
(babel)             in language  on input line 294.
Package babel Info: Redefining spanish shorthand "?
(babel)             in language  on input line 294.

[6]
Overfull \hbox (3.65833pt too wide) in paragraph at lines 294--294
[]$\OML/cmm/m/it/10 ag\OT1/cmr/m/n/10 (\OML/cmm/m/it/10 moverIngreso\OT1/cmr/m/
n/10 (\OML/cmm/m/it/10 a; sinUno\OT1/cmr/m/n/10 (\OML/cmm/m/it/10 segs\OT1/cmr/
m/n/10 ))\OML/cmm/m/it/10 ; mover\OT1/cmr/m/n/10 (\OML/cmm/m/it/10 dameUno\OT1/
cmr/m/n/10 (\OML/cmm/m/it/10 segs\OT1/cmr/m/n/10 )\OML/cmm/m/it/10 ; <
 []


Underfull \hbox (badness 6284) in paragraph at lines 294--294
\OML/cmm/m/it/10 dameUno\OT1/cmr/m/n/10 (\OMS/cmsy/m/n/10 f\OML/cmm/m/it/10 < \
OT1/cmr/m/n/10 (\OML/cmm/m/it/10 ^^Y[]\OT1/cmr/m/n/10 (\OML/cmm/m/it/10 dameUno
\OT1/cmr/m/n/10 (\OML/cmm/m/it/10 segs\OT1/cmr/m/n/10 ))\OML/cmm/m/it/10 ; ^^Y[
]\OT1/cmr/m/n/10 (\OML/cmm/m/it/10 segs\OT1/cmr/m/n/10 ) \OMS/cmsy/m/n/10 ^^@ \
OT1/cmr/m/n/10 1) \OML/cmm/m/it/10 >; <
 []


Overfull \hbox (3.65833pt too wide) in paragraph at lines 294--294
[]$\OML/cmm/m/it/10 ag\OT1/cmr/m/n/10 (\OML/cmm/m/it/10 moverIngreso\OT1/cmr/m/
n/10 (\OML/cmm/m/it/10 a; sinUno\OT1/cmr/m/n/10 (\OML/cmm/m/it/10 segs\OT1/cmr/
m/n/10 ))\OML/cmm/m/it/10 ; mover\OT1/cmr/m/n/10 (\OML/cmm/m/it/10 dameUno\OT1/
cmr/m/n/10 (\OML/cmm/m/it/10 segs\OT1/cmr/m/n/10 )\OML/cmm/m/it/10 ; <
 []


Overfull \hbox (17.88469pt too wide) in paragraph at lines 294--294
[]$\OML/cmm/m/it/10 ag\OT1/cmr/m/n/10 (\OML/cmm/m/it/10 moverIngreso\OT1/cmr/m/
n/10 (\OML/cmm/m/it/10 a; sinUno\OT1/cmr/m/n/10 (\OML/cmm/m/it/10 segs\OT1/cmr/
m/n/10 ))\OML/cmm/m/it/10 ; mover\OT1/cmr/m/n/10 (\OML/cmm/m/it/10 dameUno\OT1/
cmr/m/n/10 (\OML/cmm/m/it/10 segs\OT1/cmr/m/n/10 )\OML/cmm/m/it/10 ; <
 []


Overfull \hbox (8.44026pt too wide) in paragraph at lines 294--294
[]$\OML/cmm/m/it/10 ag\OT1/cmr/m/n/10 (\OML/cmm/m/it/10 moverIngreso\OT1/cmr/m/
n/10 (\OML/cmm/m/it/10 a; sinUno\OT1/cmr/m/n/10 (\OML/cmm/m/it/10 segs\OT1/cmr/
m/n/10 ))\OML/cmm/m/it/10 ; mover\OT1/cmr/m/n/10 (\OML/cmm/m/it/10 dameUno\OT1/
cmr/m/n/10 (\OML/cmm/m/it/10 segs\OT1/cmr/m/n/10 )\OML/cmm/m/it/10 ;$ 
 []


Overfull \hbox (32.89478pt too wide) in paragraph at lines 294--294
[]\T1/cmr/bx/n/10 if $\OT1/cmr/m/n/10 (\OML/cmm/m/it/10 alto\OT1/cmr/m/n/10 (\O
ML/cmm/m/it/10 campus\OT1/cmr/m/n/10 (\OML/cmm/m/it/10 a\OT1/cmr/m/n/10 ))$$\OM
S/cmsy/m/n/10 ^^@$$\OT1/cmr/m/n/10 1)$$\OMS/cmsy/m/n/10 ^^@$$\OML/cmm/m/it/10 ^
^Y[]\OT1/cmr/m/n/10 (\OML/cmm/m/it/10 dameUno\OT1/cmr/m/n/10 (\OML/cmm/m/it/10 
segs\OT1/cmr/m/n/10 ))$$\OML/cmm/m/it/10 <$$^^Y[]\OT1/cmr/m/n/10 (\OML/cmm/m/it
/10 dameUno\OT1/cmr/m/n/10 (\OML/cmm/m/it/10 segs\OT1/cmr/m/n/10 ))$
 []


Overfull \hbox (17.88469pt too wide) in paragraph at lines 294--294
[]$\OML/cmm/m/it/10 ag\OT1/cmr/m/n/10 (\OML/cmm/m/it/10 moverIngreso\OT1/cmr/m/
n/10 (\OML/cmm/m/it/10 a; sinUno\OT1/cmr/m/n/10 (\OML/cmm/m/it/10 segs\OT1/cmr/
m/n/10 ))\OML/cmm/m/it/10 ; mover\OT1/cmr/m/n/10 (\OML/cmm/m/it/10 dameUno\OT1/
cmr/m/n/10 (\OML/cmm/m/it/10 segs\OT1/cmr/m/n/10 )\OML/cmm/m/it/10 ; <
 []


Overfull \hbox (8.44026pt too wide) in paragraph at lines 294--294
[]$\OML/cmm/m/it/10 ag\OT1/cmr/m/n/10 (\OML/cmm/m/it/10 moverIngreso\OT1/cmr/m/
n/10 (\OML/cmm/m/it/10 a; sinUno\OT1/cmr/m/n/10 (\OML/cmm/m/it/10 segs\OT1/cmr/
m/n/10 ))\OML/cmm/m/it/10 ; mover\OT1/cmr/m/n/10 (\OML/cmm/m/it/10 dameUno\OT1/
cmr/m/n/10 (\OML/cmm/m/it/10 segs\OT1/cmr/m/n/10 )\OML/cmm/m/it/10 ;$ 
 []


Overfull \hbox (17.88469pt too wide) in paragraph at lines 294--294
[]$\OML/cmm/m/it/10 ag\OT1/cmr/m/n/10 (\OML/cmm/m/it/10 moverIngreso\OT1/cmr/m/
n/10 (\OML/cmm/m/it/10 a; sinUno\OT1/cmr/m/n/10 (\OML/cmm/m/it/10 segs\OT1/cmr/
m/n/10 ))\OML/cmm/m/it/10 ; mover\OT1/cmr/m/n/10 (\OML/cmm/m/it/10 dameUno\OT1/
cmr/m/n/10 (\OML/cmm/m/it/10 segs\OT1/cmr/m/n/10 )\OML/cmm/m/it/10 ; <
 []


Overfull \hbox (32.11105pt too wide) in paragraph at lines 294--294
[]$\OML/cmm/m/it/10 ag\OT1/cmr/m/n/10 (\OML/cmm/m/it/10 moverIngreso\OT1/cmr/m/
n/10 (\OML/cmm/m/it/10 a; sinUno\OT1/cmr/m/n/10 (\OML/cmm/m/it/10 segs\OT1/cmr/
m/n/10 ))\OML/cmm/m/it/10 ; mover\OT1/cmr/m/n/10 (\OML/cmm/m/it/10 dameUno\OT1/
cmr/m/n/10 (\OML/cmm/m/it/10 segs\OT1/cmr/m/n/10 )\OML/cmm/m/it/10 ; <
 []


Overfull \hbox (22.66663pt too wide) in paragraph at lines 294--294
[]$\OML/cmm/m/it/10 ag\OT1/cmr/m/n/10 (\OML/cmm/m/it/10 moverIngreso\OT1/cmr/m/
n/10 (\OML/cmm/m/it/10 a; sinUno\OT1/cmr/m/n/10 (\OML/cmm/m/it/10 segs\OT1/cmr/
m/n/10 ))\OML/cmm/m/it/10 ; mover\OT1/cmr/m/n/10 (\OML/cmm/m/it/10 dameUno\OT1/
cmr/m/n/10 (\OML/cmm/m/it/10 segs\OT1/cmr/m/n/10 )\OML/cmm/m/it/10 ;$ 
 []


Overfull \hbox (47.12114pt too wide) in paragraph at lines 294--294
[]\T1/cmr/bx/n/10 if $\OT1/cmr/m/n/10 (\OML/cmm/m/it/10 alto\OT1/cmr/m/n/10 (\O
ML/cmm/m/it/10 campus\OT1/cmr/m/n/10 (\OML/cmm/m/it/10 a\OT1/cmr/m/n/10 ))$$\OM
S/cmsy/m/n/10 ^^@$$\OT1/cmr/m/n/10 1)$$\OMS/cmsy/m/n/10 ^^@$$\OML/cmm/m/it/10 ^
^Y[]\OT1/cmr/m/n/10 (\OML/cmm/m/it/10 dameUno\OT1/cmr/m/n/10 (\OML/cmm/m/it/10 
segs\OT1/cmr/m/n/10 ))$$\OML/cmm/m/it/10 <$$^^Y[]\OT1/cmr/m/n/10 (\OML/cmm/m/it
/10 dameUno\OT1/cmr/m/n/10 (\OML/cmm/m/it/10 segs\OT1/cmr/m/n/10 ))$
 []


Overfull \hbox (29.56155pt too wide) in paragraph at lines 294--294
[]\T1/cmr/bx/n/10 if $\OT1/cmr/m/n/10 (\OML/cmm/m/it/10 alto\OT1/cmr/m/n/10 (\O
ML/cmm/m/it/10 campus\OT1/cmr/m/n/10 (\OML/cmm/m/it/10 a\OT1/cmr/m/n/10 )) \OMS
/cmsy/m/n/10 ^^@ \OT1/cmr/m/n/10 1)$$\OMS/cmsy/m/n/10 ^^@$$\OML/cmm/m/it/10 ^^Y
[]\OT1/cmr/m/n/10 (\OML/cmm/m/it/10 dameUno\OT1/cmr/m/n/10 (\OML/cmm/m/it/10 se
gs\OT1/cmr/m/n/10 ))$$\OML/cmm/m/it/10 >$$^^Y[]\OT1/cmr/m/n/10 (\OML/cmm/m/it/1
0 dameUno\OT1/cmr/m/n/10 (\OML/cmm/m/it/10 segs\OT1/cmr/m/n/10 ))$
 []


Underfull \hbox (badness 10000) in paragraph at lines 310--310
[]$\OML/cmm/m/it/10 hipEncerradoEst\OT1/cmr/m/n/10 ?(\OML/cmm/m/it/10 a; p; ady
acentes\OT1/cmr/m/n/10 (\OML/cmm/m/it/10 campus\OT1/cmr/m/n/10 (\OML/cmm/m/it/1
0 a\OT1/cmr/m/n/10 )\OML/cmm/m/it/10 ; p\OT1/cmr/m/n/10 )) \OMS/cmsy/m/n/10 ^
 []


Overfull \hbox (34.1965pt too wide) in paragraph at lines 326--326
[]$\OML/cmm/m/it/10 haySeg\OT1/cmr/m/n/10 ?(\OML/cmm/m/it/10 a; p; seguridad\OT
1/cmr/m/n/10 (\OML/cmm/m/it/10 a\OT1/cmr/m/n/10 ))$ $\OMS/cmsy/m/n/10 ^$ $\OML/
cmm/m/it/10 hipEncerradoSeg\OT1/cmr/m/n/10 ?(\OML/cmm/m/it/10 a; p; sinUno\OT1/
cmr/m/n/10 (\OML/cmm/m/it/10 adys\OT1/cmr/m/n/10 ))$ 
 []


Underfull \hbox (badness 10000) in paragraph at lines 326--326
[]$\OML/cmm/m/it/10 haySeg\OT1/cmr/m/n/10 ?(\OML/cmm/m/it/10 a; p; seguridad\OT
1/cmr/m/n/10 (\OML/cmm/m/it/10 a\OT1/cmr/m/n/10 ))$ $\OMS/cmsy/m/n/10 ^$
 []

Package babel Info: Redefining spanish shorthand <<
(babel)             in language  on input line 340.
Package babel Info: Redefining spanish shorthand >>
(babel)             in language  on input line 340.
Package babel Info: Redefining spanish shorthand "=
(babel)             in language  on input line 340.
Package babel Info: Redefining spanish shorthand "~
(babel)             in language  on input line 340.
Package babel Info: Redefining spanish shorthand "!
(babel)             in language  on input line 340.
Package babel Info: Redefining spanish shorthand "?
(babel)             in language  on input line 340.
Package babel Info: Redefining spanish shorthand <<
(babel)             in language  on input line 340.
Package babel Info: Redefining spanish shorthand >>
(babel)             in language  on input line 340.
Package babel Info: Redefining spanish shorthand "=
(babel)             in language  on input line 340.
Package babel Info: Redefining spanish shorthand "~
(babel)             in language  on input line 340.
Package babel Info: Redefining spanish shorthand "!
(babel)             in language  on input line 340.
Package babel Info: Redefining spanish shorthand "?
(babel)             in language  on input line 340.
[7]
Overfull \hbox (56.97302pt too wide) in paragraph at lines 346--346
[]$\OML/cmm/m/it/10 proxPoss\OT1/cmr/m/n/10 (\OML/cmm/m/it/10 a; estsCerca\OT1/
cmr/m/n/10 (\OML/cmm/m/it/10 dameUno\OT1/cmr/m/n/10 (\OML/cmm/m/it/10 possHippi
es\OT1/cmr/m/n/10 )\OML/cmm/m/it/10 ; dameUno\OT1/cmr/m/n/10 (\OML/cmm/m/it/10 
possHippies\OT1/cmr/m/n/10 )))$ 
 []


Overfull \hbox (31.69154pt too wide) in paragraph at lines 348--348
[]$\OML/cmm/m/it/10 minDistsPos\OT1/cmr/m/n/10 (\OML/cmm/m/it/10 campus\OT1/cmr
/m/n/10 (\OML/cmm/m/it/10 a\OT1/cmr/m/n/10 )\OML/cmm/m/it/10 ; ^^Y[]\OT1/cmr/m/
n/10 (\OML/cmm/m/it/10 seg\OT1/cmr/m/n/10 )\OML/cmm/m/it/10 ; posHippies\OT1/cm
r/m/n/10 (\OML/cmm/m/it/10 a; conjPos\OT1/cmr/m/n/10 (\OML/cmm/m/it/10 campus\O
T1/cmr/m/n/10 (\OML/cmm/m/it/10 a\OT1/cmr/m/n/10 ))))$ 
 []


Underfull \hbox (badness 1221) in paragraph at lines 381--381
[]\T1/cmr/bx/n/10 if $\OT1/cmr/m/n/10 #\OML/cmm/m/it/10 capturas\OT1/cmr/m/n/10
 (\OML/cmm/m/it/10 a; dameUno\OT1/cmr/m/n/10 (\OML/cmm/m/it/10 segs\OT1/cmr/m/n
/10 ))$ $\OMS/cmsy/m/n/10 ^^U$ $\OML/cmm/m/it/10 maxCapturas\OT1/cmr/m/n/10 (\O
ML/cmm/m/it/10 a; segs\OT1/cmr/m/n/10 )$
 []

Package babel Info: Redefining spanish shorthand <<
(babel)             in language  on input line 420.
Package babel Info: Redefining spanish shorthand >>
(babel)             in language  on input line 420.
Package babel Info: Redefining spanish shorthand "=
(babel)             in language  on input line 420.
Package babel Info: Redefining spanish shorthand "~
(babel)             in language  on input line 420.
Package babel Info: Redefining spanish shorthand "!
(babel)             in language  on input line 420.
Package babel Info: Redefining spanish shorthand "?
(babel)             in language  on input line 420.
Package babel Info: Redefining spanish shorthand <<
(babel)             in language  on input line 420.
Package babel Info: Redefining spanish shorthand >>
(babel)             in language  on input line 420.
Package babel Info: Redefining spanish shorthand "=
(babel)             in language  on input line 420.
Package babel Info: Redefining spanish shorthand "~
(babel)             in language  on input line 420.
Package babel Info: Redefining spanish shorthand "!
(babel)             in language  on input line 420.
Package babel Info: Redefining spanish shorthand "?
(babel)             in language  on input line 420.
[8]
Underfull \hbox (badness 10000) in paragraph at lines 420--420
[]$\OT1/cmr/m/n/10 (\OML/cmm/m/it/10 hayObstaculo\OT1/cmr/m/n/10 ?(\OML/cmm/m/i
t/10 campus\OT1/cmr/m/n/10 (\OML/cmm/m/it/10 a\OT1/cmr/m/n/10 )\OML/cmm/m/it/10
 ; < ^^Y[]\OT1/cmr/m/n/10 (\OML/cmm/m/it/10 p\OT1/cmr/m/n/10 ) + 1\OML/cmm/m/it
/10 ; ^^Y[]\OT1/cmr/m/n/10 (\OML/cmm/m/it/10 p\OT1/cmr/m/n/10 ) \OML/cmm/m/it/1
0 >
 []


Underfull \hbox (badness 10000) in paragraph at lines 420--420
[]$\OT1/cmr/m/n/10 (\OML/cmm/m/it/10 hayObstaculo\OT1/cmr/m/n/10 ?(\OML/cmm/m/i
t/10 campus\OT1/cmr/m/n/10 (\OML/cmm/m/it/10 a\OT1/cmr/m/n/10 )\OML/cmm/m/it/10
 ; < ^^Y[]\OT1/cmr/m/n/10 (\OML/cmm/m/it/10 p\OT1/cmr/m/n/10 ) \OMS/cmsy/m/n/10
 ^^@ \OT1/cmr/m/n/10 1\OML/cmm/m/it/10 ; ^^Y[]\OT1/cmr/m/n/10 (\OML/cmm/m/it/10
 p\OT1/cmr/m/n/10 ) \OML/cmm/m/it/10 >
 []


Underfull \hbox (badness 10000) in paragraph at lines 420--420
[]$\OT1/cmr/m/n/10 (\OML/cmm/m/it/10 hayObstaculo\OT1/cmr/m/n/10 ?(\OML/cmm/m/i
t/10 campus\OT1/cmr/m/n/10 (\OML/cmm/m/it/10 a\OT1/cmr/m/n/10 )\OML/cmm/m/it/10
 ; < ^^Y[]\OT1/cmr/m/n/10 (\OML/cmm/m/it/10 p\OT1/cmr/m/n/10 )\OML/cmm/m/it/10 
; ^^Y[]\OT1/cmr/m/n/10 (\OML/cmm/m/it/10 p\OT1/cmr/m/n/10 ) + 1 \OML/cmm/m/it/1
0 >
 []


Underfull \hbox (badness 10000) in paragraph at lines 420--420
[]$\OT1/cmr/m/n/10 (\OML/cmm/m/it/10 hayObstaculo\OT1/cmr/m/n/10 ?(\OML/cmm/m/i
t/10 campus\OT1/cmr/m/n/10 (\OML/cmm/m/it/10 a\OT1/cmr/m/n/10 )\OML/cmm/m/it/10
 ; < ^^Y[]\OT1/cmr/m/n/10 (\OML/cmm/m/it/10 p\OT1/cmr/m/n/10 )\OML/cmm/m/it/10 
; ^^Y[]\OT1/cmr/m/n/10 (\OML/cmm/m/it/10 p\OT1/cmr/m/n/10 ) \OMS/cmsy/m/n/10 ^^
@ \OT1/cmr/m/n/10 1 \OML/cmm/m/it/10 >
 []

Package babel Info: Redefining spanish shorthand <<
(babel)             in language  on input line 440.
Package babel Info: Redefining spanish shorthand >>
(babel)             in language  on input line 440.
Package babel Info: Redefining spanish shorthand "=
(babel)             in language  on input line 440.
Package babel Info: Redefining spanish shorthand "~
(babel)             in language  on input line 440.
Package babel Info: Redefining spanish shorthand "!
(babel)             in language  on input line 440.
Package babel Info: Redefining spanish shorthand "?
(babel)             in language  on input line 440.
Package babel Info: Redefining spanish shorthand <<
(babel)             in language  on input line 440.
Package babel Info: Redefining spanish shorthand >>
(babel)             in language  on input line 440.
Package babel Info: Redefining spanish shorthand "=
(babel)             in language  on input line 440.
Package babel Info: Redefining spanish shorthand "~
(babel)             in language  on input line 440.
Package babel Info: Redefining spanish shorthand "!
(babel)             in language  on input line 440.
Package babel Info: Redefining spanish shorthand "?
(babel)             in language  on input line 440.
[9]
Package babel Info: Redefining spanish shorthand <<
(babel)             in language  on input line 445.
Package babel Info: Redefining spanish shorthand >>
(babel)             in language  on input line 445.
Package babel Info: Redefining spanish shorthand "=
(babel)             in language  on input line 445.
Package babel Info: Redefining spanish shorthand "~
(babel)             in language  on input line 445.
Package babel Info: Redefining spanish shorthand "!
(babel)             in language  on input line 445.
Package babel Info: Redefining spanish shorthand "?
(babel)             in language  on input line 445.
Package babel Info: Redefining spanish shorthand <<
(babel)             in language  on input line 472.
Package babel Info: Redefining spanish shorthand >>
(babel)             in language  on input line 472.
Package babel Info: Redefining spanish shorthand "=
(babel)             in language  on input line 472.
Package babel Info: Redefining spanish shorthand "~
(babel)             in language  on input line 472.
Package babel Info: Redefining spanish shorthand "!
(babel)             in language  on input line 472.
Package babel Info: Redefining spanish shorthand "?
(babel)             in language  on input line 472.
Package babel Info: Redefining spanish shorthand <<
(babel)             in language  on input line 472.
Package babel Info: Redefining spanish shorthand >>
(babel)             in language  on input line 472.
Package babel Info: Redefining spanish shorthand "=
(babel)             in language  on input line 472.
Package babel Info: Redefining spanish shorthand "~
(babel)             in language  on input line 472.
Package babel Info: Redefining spanish shorthand "!
(babel)             in language  on input line 472.
Package babel Info: Redefining spanish shorthand "?
(babel)             in language  on input line 472.
 [10]
Underfull \hbox (badness 10000) in paragraph at lines 485--485
[]$\OML/cmm/m/it/10 ^^Y[]\OT1/cmr/m/n/10 (\OML/cmm/m/it/10 p\OT1/cmr/m/n/10 ) \
OML/cmm/m/it/10 < ancho \OMS/cmsy/m/n/10 ^ \OML/cmm/m/it/10 ^^Y[]\OT1/cmr/m/n/1
0 (\OML/cmm/m/it/10 p\OT1/cmr/m/n/10 ) \OML/cmm/m/it/10 < alto \OMS/cmsy/m/n/10
 ^
 []


Overfull \hbox (10.90703pt too wide) in paragraph at lines 495--495
[]$\OML/cmm/m/it/10 Ag\OT1/cmr/m/n/10 (\OML/cmm/m/it/10 minDistsPos\OT1/cmr/m/n
/10 (\OML/cmm/m/it/10 c; sinUno\OT1/cmr/m/n/10 (\OML/cmm/m/it/10 posiciones\OT1
/cmr/m/n/10 ))\OML/cmm/m/it/10 ;$ 
 []


Overfull \hbox (10.5285pt too wide) in paragraph at lines 495--495
[]$\OML/cmm/m/it/10 minDistsPos\OT1/cmr/m/n/10 (\OML/cmm/m/it/10 c; seg; sinUno
\OT1/cmr/m/n/10 (\OML/cmm/m/it/10 posiciones\OT1/cmr/m/n/10 ))$ 
 []


Underfull \hbox (badness 10000) in paragraph at lines 504--504
\OML/cmm/m/it/10 minDist\OT1/cmr/m/n/10 (\OML/cmm/m/it/10 c; pos=p; sinUno\OT1/
cmr/m/n/10 (\OML/cmm/m/it/10 posiciones\OT1/cmr/m/n/10 ))$
 []


Overfull \hbox (20.55751pt too wide) in paragraph at lines 505--505
[]$\OML/cmm/m/it/10 restaAbs\OT1/cmr/m/n/10 (\OML/cmm/m/it/10 ^^Y[]\OT1/cmr/m/n
/10 (\OML/cmm/m/it/10 p[]\OT1/cmr/m/n/10 )\OML/cmm/m/it/10 ; ^^Y[]\OT1/cmr/m/n/
10 (\OML/cmm/m/it/10 p[]\OT1/cmr/m/n/10 ))$\T1/cmr/m/n/10 +$\OML/cmm/m/it/10 re
staAbs\OT1/cmr/m/n/10 (\OML/cmm/m/it/10 ^^Y[]\OT1/cmr/m/n/10 (\OML/cmm/m/it/10 
p[]\OT1/cmr/m/n/10 )\OML/cmm/m/it/10 ; ^^Y[]\OT1/cmr/m/n/10 (\OML/cmm/m/it/10 p
[]\OT1/cmr/m/n/10 ))$ 
 []

Package babel Info: Redefining spanish shorthand <<
(babel)             in language  on input line 522.
Package babel Info: Redefining spanish shorthand >>
(babel)             in language  on input line 522.
Package babel Info: Redefining spanish shorthand "=
(babel)             in language  on input line 522.
Package babel Info: Redefining spanish shorthand "~
(babel)             in language  on input line 522.
Package babel Info: Redefining spanish shorthand "!
(babel)             in language  on input line 522.
Package babel Info: Redefining spanish shorthand "?
(babel)             in language  on input line 522.
Package babel Info: Redefining spanish shorthand <<
(babel)             in language  on input line 524.
Package babel Info: Redefining spanish shorthand >>
(babel)             in language  on input line 524.
Package babel Info: Redefining spanish shorthand "=
(babel)             in language  on input line 524.
Package babel Info: Redefining spanish shorthand "~
(babel)             in language  on input line 524.
Package babel Info: Redefining spanish shorthand "!
(babel)             in language  on input line 524.
Package babel Info: Redefining spanish shorthand "?
(babel)             in language  on input line 524.
Package babel Info: Redefining spanish shorthand <<
(babel)             in language  on input line 526.
Package babel Info: Redefining spanish shorthand >>
(babel)             in language  on input line 526.
Package babel Info: Redefining spanish shorthand "=
(babel)             in language  on input line 526.
Package babel Info: Redefining spanish shorthand "~
(babel)             in language  on input line 526.
Package babel Info: Redefining spanish shorthand "!
(babel)             in language  on input line 526.
Package babel Info: Redefining spanish shorthand "?
(babel)             in language  on input line 526.
Package babel Info: Redefining spanish shorthand <<
(babel)             in language  on input line 528.
Package babel Info: Redefining spanish shorthand >>
(babel)             in language  on input line 528.
Package babel Info: Redefining spanish shorthand "=
(babel)             in language  on input line 528.
Package babel Info: Redefining spanish shorthand "~
(babel)             in language  on input line 528.
Package babel Info: Redefining spanish shorthand "!
(babel)             in language  on input line 528.
Package babel Info: Redefining spanish shorthand "?
(babel)             in language  on input line 528.
Package babel Info: Redefining spanish shorthand <<
(babel)             in language  on input line 528.
Package babel Info: Redefining spanish shorthand >>
(babel)             in language  on input line 528.
Package babel Info: Redefining spanish shorthand "=
(babel)             in language  on input line 528.
Package babel Info: Redefining spanish shorthand "~
(babel)             in language  on input line 528.
Package babel Info: Redefining spanish shorthand "!
(babel)             in language  on input line 528.
Package babel Info: Redefining spanish shorthand "?
(babel)             in language  on input line 528.
[11]
Package babel Info: Redefining spanish shorthand <<
(babel)             in language  on input line 528.
Package babel Info: Redefining spanish shorthand >>
(babel)             in language  on input line 528.
Package babel Info: Redefining spanish shorthand "=
(babel)             in language  on input line 528.
Package babel Info: Redefining spanish shorthand "~
(babel)             in language  on input line 528.
Package babel Info: Redefining spanish shorthand "!
(babel)             in language  on input line 528.
Package babel Info: Redefining spanish shorthand "?
(babel)             in language  on input line 528.
Package babel Info: Redefining spanish shorthand <<
(babel)             in language  on input line 528.
Package babel Info: Redefining spanish shorthand >>
(babel)             in language  on input line 528.
Package babel Info: Redefining spanish shorthand "=
(babel)             in language  on input line 528.
Package babel Info: Redefining spanish shorthand "~
(babel)             in language  on input line 528.
Package babel Info: Redefining spanish shorthand "!
(babel)             in language  on input line 528.
Package babel Info: Redefining spanish shorthand "?
(babel)             in language  on input line 528.
 [12]
Package babel Info: Redefining spanish shorthand <<
(babel)             in language  on input line 529.
Package babel Info: Redefining spanish shorthand >>
(babel)             in language  on input line 529.
Package babel Info: Redefining spanish shorthand "=
(babel)             in language  on input line 529.
Package babel Info: Redefining spanish shorthand "~
(babel)             in language  on input line 529.
Package babel Info: Redefining spanish shorthand "!
(babel)             in language  on input line 529.
Package babel Info: Redefining spanish shorthand "?
(babel)             in language  on input line 529.
 
AED: lastpage setting LastPage
Package babel Info: Redefining spanish shorthand <<
(babel)             in language  on input line 540.
Package babel Info: Redefining spanish shorthand >>
(babel)             in language  on input line 540.
Package babel Info: Redefining spanish shorthand "=
(babel)             in language  on input line 540.
Package babel Info: Redefining spanish shorthand "~
(babel)             in language  on input line 540.
Package babel Info: Redefining spanish shorthand "!
(babel)             in language  on input line 540.
Package babel Info: Redefining spanish shorthand "?
(babel)             in language  on input line 540.
Package babel Info: Redefining spanish shorthand <<
(babel)             in language  on input line 540.
Package babel Info: Redefining spanish shorthand >>
(babel)             in language  on input line 540.
Package babel Info: Redefining spanish shorthand "=
(babel)             in language  on input line 540.
Package babel Info: Redefining spanish shorthand "~
(babel)             in language  on input line 540.
Package babel Info: Redefining spanish shorthand "!
(babel)             in language  on input line 540.
Package babel Info: Redefining spanish shorthand "?
(babel)             in language  on input line 540.
[13]
Package babel Info: Redefining spanish shorthand <<
(babel)             in language  on input line 540.
Package babel Info: Redefining spanish shorthand >>
(babel)             in language  on input line 540.
Package babel Info: Redefining spanish shorthand "=
(babel)             in language  on input line 540.
Package babel Info: Redefining spanish shorthand "~
(babel)             in language  on input line 540.
Package babel Info: Redefining spanish shorthand "!
(babel)             in language  on input line 540.
Package babel Info: Redefining spanish shorthand "?
(babel)             in language  on input line 540.
Package atveryend Info: Empty hook `BeforeClearDocument' on input line 540.
Package atveryend Info: Empty hook `AfterLastShipout' on input line 540.
 (./tp1.aux
LaTeX Info: Redefining \. on input line 23.
LaTeX Info: Redefining \% on input line 23.
)
Package atveryend Info: Executing hook `AtVeryEndDocument' on input line 540.
Package atveryend Info: Executing hook `AtEndAfterFileList' on input line 540.
Package rerunfilecheck Info: File `tp1.out' has not changed.
(rerunfilecheck)             Checksum: BD2E519F2FE10EA600AF16A65F27A728;314.
Package atveryend Info: Empty hook `AtVeryVeryEnd' on input line 540.
 ) 
Here is how much of TeX's memory you used:
 7899 strings out of 493304
 110372 string characters out of 6139871
 234942 words of memory out of 5000000
 11207 multiletter control sequences out of 15000+600000
 16598 words of font info for 45 fonts, out of 8000000 for 9000
 957 hyphenation exceptions out of 8191
 35i,16n,67p,646b,455s stack positions out of 5000i,500n,10000p,200000b,80000s
{/usr/share/texmf/fonts/enc/dvips/cm-super/cm-super-t1.enc}</usr/share/texliv
e/texmf-dist/fonts/type1/public/amsfonts/cm/cmex10.pfb></usr/share/texlive/texm
f-dist/fonts/type1/public/amsfonts/cm/cmmi10.pfb></usr/share/texlive/texmf-dist
/fonts/type1/public/amsfonts/cm/cmr10.pfb></usr/share/texlive/texmf-dist/fonts/
type1/public/amsfonts/cm/cmr5.pfb></usr/share/texlive/texmf-dist/fonts/type1/pu
blic/amsfonts/cm/cmr7.pfb></usr/share/texlive/texmf-dist/fonts/type1/public/ams
fonts/cm/cmsy10.pfb></usr/share/texlive/texmf-dist/fonts/type1/public/amsfonts/
cm/cmsy7.pfb></usr/share/texmf/fonts/type1/public/cm-super/sfbx1000.pfb></usr/s
hare/texmf/fonts/type1/public/cm-super/sfbx1440.pfb></usr/share/texmf/fonts/typ
e1/public/cm-super/sfbx1728.pfb></usr/share/texmf/fonts/type1/public/cm-super/s
fcc1000.pfb></usr/share/texmf/fonts/type1/public/cm-super/sfrm1000.pfb></usr/sh
are/texmf/fonts/type1/public/cm-super/sfrm1200.pfb></usr/share/texmf/fonts/type
1/public/cm-super/sfrm1440.pfb></usr/share/texmf/fonts/type1/public/cm-super/sf
tt1000.pfb></usr/share/texmf/fonts/type1/public/cm-super/sfxc1000.pfb></usr/sha
re/texmf/fonts/type1/public/cm-super/sfxc1440.pfb>
Output written on tp1.pdf (13 pages, 258164 bytes).
PDF statistics:
 187 PDF objects out of 1000 (max. 8388607)
 153 compressed objects within 2 object streams
 25 named destinations out of 1000 (max. 500000)
 49 words of extra memory for PDF output out of 10000 (max. 10000000)

